#
# There is insufficient memory for the Java Runtime Environment to continue.
# Native memory allocation (malloc) failed to allocate 1020576 bytes. Error detail: Chunk::new
# Possible reasons:
#   The system is out of physical RAM or swap space
#   This process is running with CompressedOops enabled, and the Java Heap may be blocking the growth of the native heap
# Possible solutions:
#   Reduce memory load on the system
#   Increase physical memory or swap space
#   Check if swap backing store is full
#   Decrease Java heap size (-Xmx/-Xms)
#   Decrease number of Java threads
#   Decrease Java thread stack sizes (-Xss)
#   Set larger code cache with -XX:ReservedCodeCacheSize=
#   JVM is running with Unscaled Compressed Oops mode in which the Java heap is
#     placed in the first 4GB address space. The Java Heap base address is the
#     maximum limit for the native heap growth. Please use -XX:HeapBaseMinAddress
#     to set the Java Heap base and to place the Java Heap above 4GB virtual address.
# This output file may be truncated or incomplete.
#
#  Out of Memory Error (arena.cpp:191), pid=9460, tid=2932
#
# JRE version: OpenJDK Runtime Environment (17.0.11) (build 17.0.11+0--11852314)
# Java VM: OpenJDK 64-Bit Server VM (17.0.11+0--11852314, mixed mode, tiered, compressed oops, compressed class ptrs, g1 gc, windows-amd64)
# No core dump will be written. Minidumps are not enabled by default on client versions of Windows
#

---------------  S U M M A R Y ------------

Command Line: --add-opens=java.base/java.util=ALL-UNNAMED --add-opens=java.base/java.lang=ALL-UNNAMED --add-opens=java.base/java.lang.invoke=ALL-UNNAMED --add-opens=java.prefs/java.util.prefs=ALL-UNNAMED --add-opens=java.base/java.nio.charset=ALL-UNNAMED --add-opens=java.base/java.net=ALL-UNNAMED --add-opens=java.base/java.util.concurrent.atomic=ALL-UNNAMED -Xmx2048m -Dfile.encoding=UTF-8 -Duser.country=TR -Duser.language=tr -Duser.variant -javaagent:C:\Users\ozgur\.gradle\wrapper\dists\gradle-8.7-bin\bhs2wmbdwecv87pi65oeuq5iu\gradle-8.7\lib\agents\gradle-instrumentation-agent-8.7.jar org.gradle.launcher.daemon.bootstrap.GradleDaemon 8.7

Host: Intel(R) Core(TM) i7-6700HQ CPU @ 2.60GHz, 8 cores, 10G,  Windows 10 , 64 bit Build 19041 (10.0.19041.4597)
Time: Thu Aug  1 18:36:48 2024 Türkiye Standart Saati elapsed time: 50.499345 seconds (0d 0h 0m 50s)

---------------  T H R E A D  ---------------

Current thread (0x0000026cb2a33bf0):  JavaThread "C2 CompilerThread0" daemon [_thread_in_native, id=2932, stack(0x000000c37c900000,0x000000c37ca00000)]


Current CompileTask:
C2:  50499 8213   !   4       com.google.common.reflect.TypeVisitor::visit (225 bytes)

Stack: [0x000000c37c900000,0x000000c37ca00000]
Native frames: (J=compiled Java code, j=interpreted, Vv=VM code, C=native code)
V  [jvm.dll+0x687bb9]
V  [jvm.dll+0x84142a]
V  [jvm.dll+0x8430ae]
V  [jvm.dll+0x843713]
V  [jvm.dll+0x24a35f]
V  [jvm.dll+0xac544]
V  [jvm.dll+0xacb8c]
V  [jvm.dll+0x2b194f]
V  [jvm.dll+0x58eba7]
V  [jvm.dll+0x2247e2]
V  [jvm.dll+0x224bdf]
V  [jvm.dll+0x21dd00]
V  [jvm.dll+0x21b201]
V  [jvm.dll+0x1a63ed]
V  [jvm.dll+0x22b1ee]
V  [jvm.dll+0x229375]
V  [jvm.dll+0x7f5647]
V  [jvm.dll+0x7efa4a]
V  [jvm.dll+0x686a35]
C  [ucrtbase.dll+0x21bb2]
C  [KERNEL32.DLL+0x17374]
C  [ntdll.dll+0x4cc91]


---------------  P R O C E S S  ---------------

Threads class SMR info:
_java_thread_list=0x0000026cb7f16970, length=50, elements={
0x0000026c96a7e050, 0x0000026cb28b2520, 0x0000026cb28b32b0, 0x0000026cb2a1d110,
0x0000026cb2a31a20, 0x0000026cb2a32720, 0x0000026cb2a32ff0, 0x0000026cb2a33bf0,
0x0000026cb2a36510, 0x0000026cb2a4efa0, 0x0000026cb2ab6f40, 0x0000026cb2cab460,
0x0000026cb7dfd560, 0x0000026cb70de310, 0x0000026cb2bac480, 0x0000026cb7164880,
0x0000026cb7164d60, 0x0000026cb87b1f40, 0x0000026cb87af1b0, 0x0000026cb87b2960,
0x0000026cb87afbd0, 0x0000026cb87b00e0, 0x0000026cb87b1520, 0x0000026cb87af6c0,
0x0000026cb87b2450, 0x0000026cb87b05f0, 0x0000026cb87b0b00, 0x0000026cb87b1010,
0x0000026cb8743850, 0x0000026cb87460d0, 0x0000026cb8743d60, 0x0000026cb87419f0,
0x0000026cb8744c90, 0x0000026cb87400a0, 0x0000026cb8742920, 0x0000026cb87451a0,
0x0000026cb87405b0, 0x0000026cb873f170, 0x0000026cb8746af0, 0x0000026cb8744780,
0x0000026cb8742e30, 0x0000026cb87456b0, 0x0000026cb8744270, 0x0000026cb87414e0,
0x0000026cb87465e0, 0x0000026cb873f680, 0x0000026cb873fb90, 0x0000026cb8740ac0,
0x0000026cb8740fd0, 0x0000026cb7a3eed0
}

Java Threads: ( => current thread )
  0x0000026c96a7e050 JavaThread "main" [_thread_blocked, id=9988, stack(0x000000c37bc00000,0x000000c37bd00000)]
  0x0000026cb28b2520 JavaThread "Reference Handler" daemon [_thread_blocked, id=8820, stack(0x000000c37c300000,0x000000c37c400000)]
  0x0000026cb28b32b0 JavaThread "Finalizer" daemon [_thread_blocked, id=6960, stack(0x000000c37c400000,0x000000c37c500000)]
  0x0000026cb2a1d110 JavaThread "Signal Dispatcher" daemon [_thread_blocked, id=9560, stack(0x000000c37c500000,0x000000c37c600000)]
  0x0000026cb2a31a20 JavaThread "Attach Listener" daemon [_thread_blocked, id=9576, stack(0x000000c37c600000,0x000000c37c700000)]
  0x0000026cb2a32720 JavaThread "Service Thread" daemon [_thread_blocked, id=9276, stack(0x000000c37c700000,0x000000c37c800000)]
  0x0000026cb2a32ff0 JavaThread "Monitor Deflation Thread" daemon [_thread_blocked, id=10196, stack(0x000000c37c800000,0x000000c37c900000)]
=>0x0000026cb2a33bf0 JavaThread "C2 CompilerThread0" daemon [_thread_in_native, id=2932, stack(0x000000c37c900000,0x000000c37ca00000)]
  0x0000026cb2a36510 JavaThread "C1 CompilerThread0" daemon [_thread_blocked, id=7452, stack(0x000000c37ca00000,0x000000c37cb00000)]
  0x0000026cb2a4efa0 JavaThread "Sweeper thread" daemon [_thread_blocked, id=6640, stack(0x000000c37cb00000,0x000000c37cc00000)]
  0x0000026cb2ab6f40 JavaThread "Common-Cleaner" daemon [_thread_blocked, id=3548, stack(0x000000c37cc00000,0x000000c37cd00000)]
  0x0000026cb2cab460 JavaThread "Notification Thread" daemon [_thread_blocked, id=3724, stack(0x000000c37cd00000,0x000000c37ce00000)]
  0x0000026cb7dfd560 JavaThread "Daemon health stats" [_thread_blocked, id=5252, stack(0x000000c37d300000,0x000000c37d400000)]
  0x0000026cb70de310 JavaThread "Incoming local TCP Connector on port 52322" [_thread_in_native, id=9348, stack(0x000000c37d400000,0x000000c37d500000)]
  0x0000026cb2bac480 JavaThread "Daemon periodic checks" [_thread_blocked, id=3700, stack(0x000000c37d500000,0x000000c37d600000)]
  0x0000026cb7164880 JavaThread "Daemon" [_thread_blocked, id=5200, stack(0x000000c37d600000,0x000000c37d700000)]
  0x0000026cb7164d60 JavaThread "Handler for socket connection from /127.0.0.1:52322 to /127.0.0.1:52323" [_thread_in_native, id=3984, stack(0x000000c37d700000,0x000000c37d800000)]
  0x0000026cb87b1f40 JavaThread "Cancel handler" [_thread_blocked, id=7476, stack(0x000000c37d800000,0x000000c37d900000)]
  0x0000026cb87af1b0 JavaThread "Daemon worker" [_thread_in_native, id=10100, stack(0x000000c37d900000,0x000000c37da00000)]
  0x0000026cb87b2960 JavaThread "Asynchronous log dispatcher for DefaultDaemonConnection: socket connection from /127.0.0.1:52322 to /127.0.0.1:52323" [_thread_blocked, id=3176, stack(0x000000c37da00000,0x000000c37db00000)]
  0x0000026cb87afbd0 JavaThread "Stdin handler" [_thread_blocked, id=144, stack(0x000000c37db00000,0x000000c37dc00000)]
  0x0000026cb87b00e0 JavaThread "Daemon client event forwarder" [_thread_blocked, id=6992, stack(0x000000c37dc00000,0x000000c37dd00000)]
  0x0000026cb87b1520 JavaThread "Cache worker for journal cache (C:\Users\ozgur\.gradle\caches\journal-1)" [_thread_blocked, id=10256, stack(0x000000c37e100000,0x000000c37e200000)]
  0x0000026cb87af6c0 JavaThread "File lock request listener" [_thread_in_native, id=10260, stack(0x000000c37e200000,0x000000c37e300000)]
  0x0000026cb87b2450 JavaThread "Cache worker for file hash cache (C:\Users\ozgur\.gradle\caches\8.7\fileHashes)" [_thread_blocked, id=10264, stack(0x000000c37e300000,0x000000c37e400000)]
  0x0000026cb87b05f0 JavaThread "Cache worker for file hash cache (C:\Users\ozgur\AndroidStudioProjects\MyApplication9\.gradle\8.7\fileHashes)" [_thread_blocked, id=10304, stack(0x000000c37e500000,0x000000c37e600000)]
  0x0000026cb87b0b00 JavaThread "File watcher server" daemon [_thread_in_native, id=10308, stack(0x000000c37e400000,0x000000c37e500000)]
  0x0000026cb87b1010 JavaThread "File watcher consumer" daemon [_thread_blocked, id=10312, stack(0x000000c37e600000,0x000000c37e700000)]
  0x0000026cb8743850 JavaThread "Cache worker for checksums cache (C:\Users\ozgur\AndroidStudioProjects\MyApplication9\.gradle\8.7\checksums)" [_thread_blocked, id=10316, stack(0x000000c37e700000,0x000000c37e800000)]
  0x0000026cb87460d0 JavaThread "Cache worker for cache directory md-supplier (C:\Users\ozgur\.gradle\caches\8.7\md-supplier)" [_thread_blocked, id=10320, stack(0x000000c37e800000,0x000000c37e900000)]
  0x0000026cb8743d60 JavaThread "Cache worker for cache directory md-rule (C:\Users\ozgur\.gradle\caches\8.7\md-rule)" [_thread_blocked, id=10324, stack(0x000000c37e900000,0x000000c37ea00000)]
  0x0000026cb87419f0 JavaThread "Cache worker for file content cache (C:\Users\ozgur\.gradle\caches\8.7\fileContent)" [_thread_blocked, id=10336, stack(0x000000c37eb00000,0x000000c37ec00000)]
  0x0000026cb8744c90 JavaThread "Cache worker for Build Output Cleanup Cache (C:\Users\ozgur\AndroidStudioProjects\MyApplication9\.gradle\buildOutputCleanup)" [_thread_blocked, id=10572, stack(0x000000c37ec00000,0x000000c37ed00000)]
  0x0000026cb87400a0 JavaThread "Unconstrained build operations" [_thread_blocked, id=10596, stack(0x000000c37ed00000,0x000000c37ee00000)]
  0x0000026cb8742920 JavaThread "Unconstrained build operations Thread 2" [_thread_blocked, id=10600, stack(0x000000c37ee00000,0x000000c37ef00000)]
  0x0000026cb87451a0 JavaThread "Unconstrained build operations Thread 3" [_thread_blocked, id=10604, stack(0x000000c37ef00000,0x000000c37f000000)]
  0x0000026cb87405b0 JavaThread "Unconstrained build operations Thread 4" [_thread_blocked, id=10608, stack(0x000000c37f000000,0x000000c37f100000)]
  0x0000026cb873f170 JavaThread "Unconstrained build operations Thread 5" [_thread_blocked, id=10612, stack(0x000000c37f100000,0x000000c37f200000)]
  0x0000026cb8746af0 JavaThread "Unconstrained build operations Thread 6" [_thread_blocked, id=10616, stack(0x000000c37f200000,0x000000c37f300000)]
  0x0000026cb8744780 JavaThread "Unconstrained build operations Thread 7" [_thread_blocked, id=10620, stack(0x000000c37f300000,0x000000c37f400000)]
  0x0000026cb8742e30 JavaThread "Unconstrained build operations Thread 8" [_thread_blocked, id=10628, stack(0x000000c37f400000,0x000000c37f500000)]
  0x0000026cb87456b0 JavaThread "Unconstrained build operations Thread 9" [_thread_blocked, id=10632, stack(0x000000c37f500000,0x000000c37f600000)]
  0x0000026cb8744270 JavaThread "Unconstrained build operations Thread 10" [_thread_blocked, id=10636, stack(0x000000c37f600000,0x000000c37f700000)]
  0x0000026cb87414e0 JavaThread "Unconstrained build operations Thread 11" [_thread_blocked, id=10640, stack(0x000000c37f700000,0x000000c37f800000)]
  0x0000026cb87465e0 JavaThread "Unconstrained build operations Thread 12" [_thread_blocked, id=10648, stack(0x000000c37f800000,0x000000c37f900000)]
  0x0000026cb873f680 JavaThread "Unconstrained build operations Thread 13" [_thread_blocked, id=10652, stack(0x000000c37f900000,0x000000c37fa00000)]
  0x0000026cb873fb90 JavaThread "Unconstrained build operations Thread 14" [_thread_blocked, id=10656, stack(0x000000c37fa00000,0x000000c37fb00000)]
  0x0000026cb8740ac0 JavaThread "build event listener" [_thread_blocked, id=10748, stack(0x000000c37ea00000,0x000000c37eb00000)]
  0x0000026cb8740fd0 JavaThread "Memory manager" [_thread_blocked, id=10764, stack(0x000000c37fb00000,0x000000c37fc00000)]
  0x0000026cb7a3eed0 JavaThread "C2 CompilerThread1" daemon [_thread_in_native, id=10912, stack(0x000000c37fe00000,0x000000c37ff00000)]

Other Threads:
  0x0000026cb29eb490 VMThread "VM Thread" [stack: 0x000000c37c200000,0x000000c37c300000] [id=9740]
  0x0000026c96a7ef20 WatcherThread [stack: 0x000000c37ce00000,0x000000c37cf00000] [id=3276]
  0x0000026c96adb240 GCTaskThread "GC Thread#0" [stack: 0x000000c37bd00000,0x000000c37be00000] [id=9272]
  0x0000026cb7ca5300 GCTaskThread "GC Thread#1" [stack: 0x000000c37d000000,0x000000c37d100000] [id=9884]
  0x0000026cb7ca5b40 GCTaskThread "GC Thread#2" [stack: 0x000000c37d100000,0x000000c37d200000] [id=7960]
  0x0000026cb7ca5040 GCTaskThread "GC Thread#3" [stack: 0x000000c37d200000,0x000000c37d300000] [id=10060]
  0x0000026cb7ca5e00 GCTaskThread "GC Thread#4" [stack: 0x000000c37cf00000,0x000000c37d000000] [id=10028]
  0x0000026cb7ca60c0 GCTaskThread "GC Thread#5" [stack: 0x000000c37dd00000,0x000000c37de00000] [id=9464]
  0x0000026cb7ca6380 GCTaskThread "GC Thread#6" [stack: 0x000000c37de00000,0x000000c37df00000] [id=10244]
  0x0000026cb7ca6640 GCTaskThread "GC Thread#7" [stack: 0x000000c37df00000,0x000000c37e000000] [id=10248]
  0x0000026c96aec0a0 ConcurrentGCThread "G1 Main Marker" [stack: 0x000000c37be00000,0x000000c37bf00000] [id=1588]
  0x0000026c96aec9d0 ConcurrentGCThread "G1 Conc#0" [stack: 0x000000c37bf00000,0x000000c37c000000] [id=1188]
  0x0000026cb8368b80 ConcurrentGCThread "G1 Conc#1" [stack: 0x000000c37e000000,0x000000c37e100000] [id=10252]
  0x0000026c96b3e490 ConcurrentGCThread "G1 Refine#0" [stack: 0x000000c37c000000,0x000000c37c100000] [id=9600]
  0x0000026cb2710aa0 ConcurrentGCThread "G1 Service" [stack: 0x000000c37c100000,0x000000c37c200000] [id=2120]

Threads with active compile tasks:
C2 CompilerThread0    50636 8213   !   4       com.google.common.reflect.TypeVisitor::visit (225 bytes)
C2 CompilerThread1    50636 8215       4       org.objectweb.asm.SymbolTable::addConstant (330 bytes)

VM state: not at safepoint (normal execution)

VM Mutex/Monitor currently owned by a thread: None

Heap address: 0x0000000080000000, size: 2048 MB, Compressed Oops mode: 32-bit

CDS archive(s) not mapped
Compressed class space mapped at: 0x0000000100000000-0x0000000140000000, reserved size: 1073741824
Narrow klass base: 0x0000000000000000, Narrow klass shift: 3, Narrow klass range: 0x140000000

GC Precious Log:
 CPUs: 8 total, 8 available
 Memory: 10324M
 Large Page Support: Disabled
 NUMA Support: Disabled
 Compressed Oops: Enabled (32-bit)
 Heap Region Size: 1M
 Heap Min Capacity: 8M
 Heap Initial Capacity: 162M
 Heap Max Capacity: 2G
 Pre-touch: Disabled
 Parallel Workers: 8
 Concurrent Workers: 2
 Concurrent Refinement Workers: 8
 Periodic GC: Disabled

Heap:
 garbage-first heap   total 115712K, used 81627K [0x0000000080000000, 0x0000000100000000)
  region size 1024K, 17 young (17408K), 3 survivors (3072K)
 Metaspace       used 82460K, committed 83072K, reserved 1179648K
  class space    used 11438K, committed 11712K, reserved 1048576K

Heap Regions: E=young(eden), S=young(survivor), O=old, HS=humongous(starts), HC=humongous(continues), CS=collection set, F=free, OA=open archive, CA=closed archive, TAMS=top-at-mark-start (previous, next)
|   0|0x0000000080000000, 0x0000000080100000, 0x0000000080100000|100%|HS|  |TAMS 0x0000000080100000, 0x0000000080000000| Complete 
|   1|0x0000000080100000, 0x0000000080200000, 0x0000000080200000|100%|HC|  |TAMS 0x0000000080200000, 0x0000000080100000| Complete 
|   2|0x0000000080200000, 0x0000000080300000, 0x0000000080300000|100%|HC|  |TAMS 0x0000000080300000, 0x0000000080200000| Complete 
|   3|0x0000000080300000, 0x0000000080400000, 0x0000000080400000|100%|HC|  |TAMS 0x0000000080400000, 0x0000000080300000| Complete 
|   4|0x0000000080400000, 0x0000000080500000, 0x0000000080500000|100%| O|  |TAMS 0x0000000080500000, 0x0000000080400000| Untracked 
|   5|0x0000000080500000, 0x0000000080600000, 0x0000000080600000|100%| O|  |TAMS 0x0000000080600000, 0x0000000080500000| Untracked 
|   6|0x0000000080600000, 0x0000000080700000, 0x0000000080700000|100%| O|  |TAMS 0x0000000080700000, 0x0000000080600000| Untracked 
|   7|0x0000000080700000, 0x0000000080800000, 0x0000000080800000|100%| O|  |TAMS 0x0000000080800000, 0x0000000080700000| Untracked 
|   8|0x0000000080800000, 0x0000000080900000, 0x0000000080900000|100%| O|  |TAMS 0x0000000080900000, 0x0000000080800000| Untracked 
|   9|0x0000000080900000, 0x0000000080a00000, 0x0000000080a00000|100%| O|  |TAMS 0x0000000080a00000, 0x0000000080900000| Untracked 
|  10|0x0000000080a00000, 0x0000000080b00000, 0x0000000080b00000|100%| O|  |TAMS 0x0000000080a00000, 0x0000000080a00000| Untracked 
|  11|0x0000000080b00000, 0x0000000080c00000, 0x0000000080c00000|100%| O|  |TAMS 0x0000000080c00000, 0x0000000080b00000| Untracked 
|  12|0x0000000080c00000, 0x0000000080d00000, 0x0000000080d00000|100%| O|  |TAMS 0x0000000080d00000, 0x0000000080c00000| Untracked 
|  13|0x0000000080d00000, 0x0000000080e00000, 0x0000000080e00000|100%| O|  |TAMS 0x0000000080e00000, 0x0000000080d00000| Untracked 
|  14|0x0000000080e00000, 0x0000000080f00000, 0x0000000080f00000|100%| O|  |TAMS 0x0000000080f00000, 0x0000000080e00000| Untracked 
|  15|0x0000000080f00000, 0x0000000081000000, 0x0000000081000000|100%| O|  |TAMS 0x0000000081000000, 0x0000000080f00000| Untracked 
|  16|0x0000000081000000, 0x0000000081100000, 0x0000000081100000|100%| O|  |TAMS 0x0000000081100000, 0x0000000081000000| Untracked 
|  17|0x0000000081100000, 0x0000000081200000, 0x0000000081200000|100%| O|  |TAMS 0x0000000081200000, 0x0000000081100000| Untracked 
|  18|0x0000000081200000, 0x0000000081300000, 0x0000000081300000|100%| O|  |TAMS 0x0000000081300000, 0x0000000081200000| Untracked 
|  19|0x0000000081300000, 0x0000000081400000, 0x0000000081400000|100%| O|  |TAMS 0x0000000081400000, 0x0000000081300000| Untracked 
|  20|0x0000000081400000, 0x0000000081500000, 0x0000000081500000|100%| O|  |TAMS 0x0000000081500000, 0x0000000081400000| Untracked 
|  21|0x0000000081500000, 0x0000000081600000, 0x0000000081600000|100%| O|  |TAMS 0x0000000081600000, 0x0000000081500000| Untracked 
|  22|0x0000000081600000, 0x0000000081700000, 0x0000000081700000|100%| O|  |TAMS 0x0000000081700000, 0x0000000081600000| Untracked 
|  23|0x0000000081700000, 0x0000000081800000, 0x0000000081800000|100%|HS|  |TAMS 0x0000000081800000, 0x0000000081700000| Complete 
|  24|0x0000000081800000, 0x0000000081900000, 0x0000000081900000|100%| O|  |TAMS 0x0000000081900000, 0x0000000081800000| Untracked 
|  25|0x0000000081900000, 0x0000000081a00000, 0x0000000081a00000|100%| O|  |TAMS 0x0000000081a00000, 0x0000000081900000| Untracked 
|  26|0x0000000081a00000, 0x0000000081b00000, 0x0000000081b00000|100%| O|  |TAMS 0x0000000081b00000, 0x0000000081a00000| Untracked 
|  27|0x0000000081b00000, 0x0000000081c00000, 0x0000000081c00000|100%| O|  |TAMS 0x0000000081c00000, 0x0000000081b00000| Untracked 
|  28|0x0000000081c00000, 0x0000000081d00000, 0x0000000081d00000|100%| O|  |TAMS 0x0000000081d00000, 0x0000000081c00000| Untracked 
|  29|0x0000000081d00000, 0x0000000081e00000, 0x0000000081e00000|100%| O|  |TAMS 0x0000000081e00000, 0x0000000081d00000| Untracked 
|  30|0x0000000081e00000, 0x0000000081f00000, 0x0000000081f00000|100%| O|  |TAMS 0x0000000081f00000, 0x0000000081e00000| Untracked 
|  31|0x0000000081f00000, 0x0000000082000000, 0x0000000082000000|100%| O|  |TAMS 0x0000000082000000, 0x0000000081f00000| Untracked 
|  32|0x0000000082000000, 0x0000000082100000, 0x0000000082100000|100%| O|  |TAMS 0x0000000082100000, 0x0000000082000000| Untracked 
|  33|0x0000000082100000, 0x0000000082200000, 0x0000000082200000|100%| O|  |TAMS 0x0000000082200000, 0x0000000082100000| Untracked 
|  34|0x0000000082200000, 0x0000000082300000, 0x0000000082300000|100%| O|  |TAMS 0x0000000082200000, 0x0000000082200000| Untracked 
|  35|0x0000000082300000, 0x0000000082400000, 0x0000000082400000|100%| O|  |TAMS 0x0000000082400000, 0x0000000082300000| Untracked 
|  36|0x0000000082400000, 0x0000000082500000, 0x0000000082500000|100%| O|  |TAMS 0x0000000082500000, 0x0000000082400000| Untracked 
|  37|0x0000000082500000, 0x0000000082600000, 0x0000000082600000|100%| O|  |TAMS 0x0000000082600000, 0x0000000082500000| Untracked 
|  38|0x0000000082600000, 0x0000000082700000, 0x0000000082700000|100%| O|  |TAMS 0x0000000082700000, 0x0000000082600000| Untracked 
|  39|0x0000000082700000, 0x0000000082800000, 0x0000000082800000|100%| O|  |TAMS 0x0000000082800000, 0x0000000082700000| Untracked 
|  40|0x0000000082800000, 0x0000000082900000, 0x0000000082900000|100%| O|  |TAMS 0x0000000082900000, 0x0000000082800000| Untracked 
|  41|0x0000000082900000, 0x0000000082a00000, 0x0000000082a00000|100%|HS|  |TAMS 0x0000000082a00000, 0x0000000082900000| Complete 
|  42|0x0000000082a00000, 0x0000000082b00000, 0x0000000082b00000|100%|HS|  |TAMS 0x0000000082b00000, 0x0000000082a00000| Complete 
|  43|0x0000000082b00000, 0x0000000082c00000, 0x0000000082c00000|100%|HS|  |TAMS 0x0000000082c00000, 0x0000000082b00000| Complete 
|  44|0x0000000082c00000, 0x0000000082d00000, 0x0000000082d00000|100%|HS|  |TAMS 0x0000000082d00000, 0x0000000082c00000| Complete 
|  45|0x0000000082d00000, 0x0000000082e00000, 0x0000000082e00000|100%| O|  |TAMS 0x0000000082e00000, 0x0000000082d00000| Untracked 
|  46|0x0000000082e00000, 0x0000000082f00000, 0x0000000082f00000|100%|HS|  |TAMS 0x0000000082f00000, 0x0000000082e00000| Complete 
|  47|0x0000000082f00000, 0x0000000083000000, 0x0000000083000000|100%| O|  |TAMS 0x0000000083000000, 0x0000000082f00000| Untracked 
|  48|0x0000000083000000, 0x0000000083100000, 0x0000000083100000|100%| O|  |TAMS 0x0000000083100000, 0x0000000083000000| Untracked 
|  49|0x0000000083100000, 0x0000000083200000, 0x0000000083200000|100%| O|  |TAMS 0x0000000083200000, 0x0000000083100000| Untracked 
|  50|0x0000000083200000, 0x0000000083300000, 0x0000000083300000|100%| O|  |TAMS 0x0000000083300000, 0x0000000083200000| Untracked 
|  51|0x0000000083300000, 0x0000000083400000, 0x0000000083400000|100%| O|  |TAMS 0x0000000083400000, 0x0000000083300000| Untracked 
|  52|0x0000000083400000, 0x0000000083500000, 0x0000000083500000|100%| O|  |TAMS 0x0000000083500000, 0x0000000083400000| Untracked 
|  53|0x0000000083500000, 0x0000000083600000, 0x0000000083600000|100%| O|  |TAMS 0x0000000083561c00, 0x0000000083500000| Untracked 
|  54|0x0000000083600000, 0x0000000083700000, 0x0000000083700000|100%| O|  |TAMS 0x0000000083600000, 0x0000000083600000| Untracked 
|  55|0x0000000083700000, 0x0000000083800000, 0x0000000083800000|100%| O|  |TAMS 0x0000000083700000, 0x0000000083700000| Untracked 
|  56|0x0000000083800000, 0x0000000083900000, 0x0000000083900000|100%| O|  |TAMS 0x0000000083800000, 0x0000000083800000| Untracked 
|  57|0x0000000083900000, 0x0000000083a00000, 0x0000000083a00000|100%|HS|  |TAMS 0x0000000083900000, 0x0000000083900000| Complete 
|  58|0x0000000083a00000, 0x0000000083b00000, 0x0000000083b00000|100%| O|  |TAMS 0x0000000083a00000, 0x0000000083a00000| Untracked 
|  59|0x0000000083b00000, 0x0000000083c00000, 0x0000000083c00000|100%| O|  |TAMS 0x0000000083b00000, 0x0000000083b00000| Untracked 
|  60|0x0000000083c00000, 0x0000000083d00000, 0x0000000083d00000|100%| O|  |TAMS 0x0000000083c00000, 0x0000000083c00000| Untracked 
|  61|0x0000000083d00000, 0x0000000083e00000, 0x0000000083e00000|100%| O|  |TAMS 0x0000000083d00000, 0x0000000083d00000| Untracked 
|  62|0x0000000083e00000, 0x0000000083f00000, 0x0000000083f00000|100%| O|  |TAMS 0x0000000083e00000, 0x0000000083e00000| Untracked 
|  63|0x0000000083f00000, 0x0000000083ff0a00, 0x0000000084000000| 93%| O|  |TAMS 0x0000000083f00000, 0x0000000083f00000| Untracked 
|  64|0x0000000084000000, 0x0000000084000000, 0x0000000084100000|  0%| F|  |TAMS 0x0000000084000000, 0x0000000084000000| Untracked 
|  65|0x0000000084100000, 0x0000000084100000, 0x0000000084200000|  0%| F|  |TAMS 0x0000000084100000, 0x0000000084100000| Untracked 
|  66|0x0000000084200000, 0x0000000084200000, 0x0000000084300000|  0%| F|  |TAMS 0x0000000084200000, 0x0000000084200000| Untracked 
|  67|0x0000000084300000, 0x0000000084300000, 0x0000000084400000|  0%| F|  |TAMS 0x0000000084300000, 0x0000000084300000| Untracked 
|  68|0x0000000084400000, 0x0000000084400000, 0x0000000084500000|  0%| F|  |TAMS 0x0000000084400000, 0x0000000084400000| Untracked 
|  69|0x0000000084500000, 0x0000000084500000, 0x0000000084600000|  0%| F|  |TAMS 0x0000000084500000, 0x0000000084500000| Untracked 
|  70|0x0000000084600000, 0x0000000084600000, 0x0000000084700000|  0%| F|  |TAMS 0x0000000084600000, 0x0000000084600000| Untracked 
|  71|0x0000000084700000, 0x0000000084700000, 0x0000000084800000|  0%| F|  |TAMS 0x0000000084700000, 0x0000000084700000| Untracked 
|  72|0x0000000084800000, 0x0000000084800000, 0x0000000084900000|  0%| F|  |TAMS 0x0000000084800000, 0x0000000084800000| Untracked 
|  73|0x0000000084900000, 0x0000000084900000, 0x0000000084a00000|  0%| F|  |TAMS 0x0000000084900000, 0x0000000084900000| Untracked 
|  74|0x0000000084a00000, 0x0000000084a00000, 0x0000000084b00000|  0%| F|  |TAMS 0x0000000084a00000, 0x0000000084a00000| Untracked 
|  75|0x0000000084b00000, 0x0000000084b00000, 0x0000000084c00000|  0%| F|  |TAMS 0x0000000084b00000, 0x0000000084b00000| Untracked 
|  76|0x0000000084c00000, 0x0000000084c00000, 0x0000000084d00000|  0%| F|  |TAMS 0x0000000084c00000, 0x0000000084c00000| Untracked 
|  77|0x0000000084d00000, 0x0000000084d00000, 0x0000000084e00000|  0%| F|  |TAMS 0x0000000084d00000, 0x0000000084d00000| Untracked 
|  78|0x0000000084e00000, 0x0000000084e00000, 0x0000000084f00000|  0%| F|  |TAMS 0x0000000084e00000, 0x0000000084e00000| Untracked 
|  79|0x0000000084f00000, 0x0000000084f00000, 0x0000000085000000|  0%| F|  |TAMS 0x0000000084f00000, 0x0000000084f00000| Untracked 
|  80|0x0000000085000000, 0x00000000850c6298, 0x0000000085100000| 77%| S|CS|TAMS 0x0000000085000000, 0x0000000085000000| Complete 
|  81|0x0000000085100000, 0x0000000085100000, 0x0000000085200000|  0%| F|  |TAMS 0x0000000085100000, 0x0000000085100000| Untracked 
|  82|0x0000000085200000, 0x0000000085200000, 0x0000000085300000|  0%| F|  |TAMS 0x0000000085200000, 0x0000000085200000| Untracked 
|  83|0x0000000085300000, 0x0000000085400000, 0x0000000085400000|100%| S|CS|TAMS 0x0000000085300000, 0x0000000085300000| Complete 
|  84|0x0000000085400000, 0x0000000085500000, 0x0000000085500000|100%| S|CS|TAMS 0x0000000085400000, 0x0000000085400000| Complete 
|  85|0x0000000085500000, 0x0000000085500000, 0x0000000085600000|  0%| F|  |TAMS 0x0000000085500000, 0x0000000085500000| Untracked 
|  86|0x0000000085600000, 0x0000000085600000, 0x0000000085700000|  0%| F|  |TAMS 0x0000000085600000, 0x0000000085600000| Untracked 
|  87|0x0000000085700000, 0x0000000085700000, 0x0000000085800000|  0%| F|  |TAMS 0x0000000085700000, 0x0000000085700000| Untracked 
|  88|0x0000000085800000, 0x0000000085800000, 0x0000000085900000|  0%| F|  |TAMS 0x0000000085800000, 0x0000000085800000| Untracked 
|  89|0x0000000085900000, 0x0000000085900000, 0x0000000085a00000|  0%| F|  |TAMS 0x0000000085900000, 0x0000000085900000| Untracked 
|  90|0x0000000085a00000, 0x0000000085a00000, 0x0000000085b00000|  0%| F|  |TAMS 0x0000000085a00000, 0x0000000085a00000| Untracked 
|  91|0x0000000085b00000, 0x0000000085b00000, 0x0000000085c00000|  0%| F|  |TAMS 0x0000000085b00000, 0x0000000085b00000| Untracked 
|  92|0x0000000085c00000, 0x0000000085c00000, 0x0000000085d00000|  0%| F|  |TAMS 0x0000000085c00000, 0x0000000085c00000| Untracked 
|  93|0x0000000085d00000, 0x0000000085d00000, 0x0000000085e00000|  0%| F|  |TAMS 0x0000000085d00000, 0x0000000085d00000| Untracked 
|  94|0x0000000085e00000, 0x0000000085e00000, 0x0000000085f00000|  0%| F|  |TAMS 0x0000000085e00000, 0x0000000085e00000| Untracked 
|  95|0x0000000085f00000, 0x0000000085f00000, 0x0000000086000000|  0%| F|  |TAMS 0x0000000085f00000, 0x0000000085f00000| Untracked 
|  96|0x0000000086000000, 0x0000000086000000, 0x0000000086100000|  0%| F|  |TAMS 0x0000000086000000, 0x0000000086000000| Untracked 
|  97|0x0000000086100000, 0x0000000086100000, 0x0000000086200000|  0%| F|  |TAMS 0x0000000086100000, 0x0000000086100000| Untracked 
|  98|0x0000000086200000, 0x0000000086200000, 0x0000000086300000|  0%| F|  |TAMS 0x0000000086200000, 0x0000000086200000| Untracked 
|  99|0x0000000086300000, 0x0000000086386eb0, 0x0000000086400000| 52%| E|  |TAMS 0x0000000086300000, 0x0000000086300000| Complete 
| 100|0x0000000086400000, 0x0000000086500000, 0x0000000086500000|100%| E|CS|TAMS 0x0000000086400000, 0x0000000086400000| Complete 
| 101|0x0000000086500000, 0x0000000086600000, 0x0000000086600000|100%| E|CS|TAMS 0x0000000086500000, 0x0000000086500000| Complete 
| 102|0x0000000086600000, 0x0000000086700000, 0x0000000086700000|100%| E|CS|TAMS 0x0000000086600000, 0x0000000086600000| Complete 
| 104|0x0000000086800000, 0x0000000086900000, 0x0000000086900000|100%| E|CS|TAMS 0x0000000086800000, 0x0000000086800000| Complete 
| 105|0x0000000086900000, 0x0000000086a00000, 0x0000000086a00000|100%| E|CS|TAMS 0x0000000086900000, 0x0000000086900000| Complete 
| 106|0x0000000086a00000, 0x0000000086b00000, 0x0000000086b00000|100%| E|CS|TAMS 0x0000000086a00000, 0x0000000086a00000| Complete 
| 107|0x0000000086b00000, 0x0000000086c00000, 0x0000000086c00000|100%| E|CS|TAMS 0x0000000086b00000, 0x0000000086b00000| Complete 
| 108|0x0000000086c00000, 0x0000000086d00000, 0x0000000086d00000|100%| E|CS|TAMS 0x0000000086c00000, 0x0000000086c00000| Complete 
| 109|0x0000000086d00000, 0x0000000086e00000, 0x0000000086e00000|100%| E|CS|TAMS 0x0000000086d00000, 0x0000000086d00000| Complete 
| 110|0x0000000086e00000, 0x0000000086f00000, 0x0000000086f00000|100%| E|CS|TAMS 0x0000000086e00000, 0x0000000086e00000| Complete 
| 111|0x0000000086f00000, 0x0000000087000000, 0x0000000087000000|100%| E|CS|TAMS 0x0000000086f00000, 0x0000000086f00000| Complete 
| 112|0x0000000087000000, 0x0000000087100000, 0x0000000087100000|100%| E|CS|TAMS 0x0000000087000000, 0x0000000087000000| Complete 
| 161|0x000000008a100000, 0x000000008a200000, 0x000000008a200000|100%| E|CS|TAMS 0x000000008a100000, 0x000000008a100000| Complete 

Card table byte_map: [0x0000026cab5a0000,0x0000026cab9a0000] _byte_map_base: 0x0000026cab1a0000

Marking Bits (Prev, Next): (CMBitMap*) 0x0000026c96adb770, (CMBitMap*) 0x0000026c96adb7b0
 Prev Bits: [0x0000026cabda0000, 0x0000026cadda0000)
 Next Bits: [0x0000026cadda0000, 0x0000026cafda0000)

Polling page: 0x0000026c96b40000

Metaspace:

Usage:
  Non-class:     69.36 MB used.
      Class:     11.17 MB used.
       Both:     80.53 MB used.

Virtual space:
  Non-class space:      128.00 MB reserved,      69.69 MB ( 54%) committed,  2 nodes.
      Class space:        1.00 GB reserved,      11.44 MB (  1%) committed,  1 nodes.
             Both:        1.12 GB reserved,      81.12 MB (  7%) committed. 

Chunk freelists:
   Non-Class:  10.25 MB
       Class:  4.51 MB
        Both:  14.76 MB

MaxMetaspaceSize: unlimited
CompressedClassSpaceSize: 1.00 GB
Initial GC threshold: 21.00 MB
Current GC threshold: 107.44 MB
CDS: off
MetaspaceReclaimPolicy: balanced
 - commit_granule_bytes: 65536.
 - commit_granule_words: 8192.
 - virtual_space_node_default_size: 8388608.
 - enlarge_chunks_in_place: 1.
 - new_chunks_are_fully_committed: 0.
 - uncommit_free_chunks: 1.
 - use_allocation_guard: 0.
 - handle_deallocations: 1.


Internal statistics:

num_allocs_failed_limit: 6.
num_arena_births: 828.
num_arena_deaths: 0.
num_vsnodes_births: 3.
num_vsnodes_deaths: 0.
num_space_committed: 1298.
num_space_uncommitted: 0.
num_chunks_returned_to_freelist: 6.
num_chunks_taken_from_freelist: 3817.
num_chunk_merges: 3.
num_chunk_splits: 2539.
num_chunks_enlarged: 1739.
num_inconsistent_stats: 0.

CodeHeap 'non-profiled nmethods': size=120000Kb used=4386Kb max_used=4386Kb free=115613Kb
 bounds [0x0000026ca3210000, 0x0000026ca3660000, 0x0000026caa740000]
CodeHeap 'profiled nmethods': size=120000Kb used=14276Kb max_used=14276Kb free=105723Kb
 bounds [0x0000026c9b740000, 0x0000026c9c540000, 0x0000026ca2c70000]
CodeHeap 'non-nmethods': size=5760Kb used=1678Kb max_used=1743Kb free=4081Kb
 bounds [0x0000026ca2c70000, 0x0000026ca2ee0000, 0x0000026ca3210000]
 total_blobs=8263 nmethods=7498 adapters=675
 compilation: enabled
              stopped_count=0, restarted_count=0
 full_count=0

Compilation events (20 events):
Event: 50.463 Thread 0x0000026cb2a36510 8243       3       org.gradle.internal.instantiation.generator.DefaultInstantiationScheme$DefaultDeserializationInstantiator::<init> (26 bytes)
Event: 50.463 Thread 0x0000026cb2a36510 nmethod 8243 0x0000026c9c511910 code [0x0000026c9c511ac0, 0x0000026c9c511d98]
Event: 50.467 Thread 0x0000026cb2a36510 8244       3       java.util.ArrayList$ListItr::<init> (16 bytes)
Event: 50.468 Thread 0x0000026cb2a36510 nmethod 8244 0x0000026c9c511e90 code [0x0000026c9c512040, 0x0000026c9c5122d8]
Event: 50.471 Thread 0x0000026cb2a36510 8245   !   3       org.gradle.cache.internal.DefaultCrossBuildInMemoryCacheFactory$AbstractCrossBuildInMemoryCache::put (38 bytes)
Event: 50.471 Thread 0x0000026cb2a36510 nmethod 8245 0x0000026c9c512410 code [0x0000026c9c5125c0, 0x0000026c9c512958]
Event: 50.485 Thread 0x0000026cb2a36510 8246       3       java.util.ArrayList::listIterator (10 bytes)
Event: 50.485 Thread 0x0000026cb2a36510 nmethod 8246 0x0000026c9c512b10 code [0x0000026c9c512cc0, 0x0000026c9c513018]
Event: 50.485 Thread 0x0000026cb2a36510 8247       3       com.google.common.reflect.TypeVisitor::<init> (12 bytes)
Event: 50.486 Thread 0x0000026cb2a36510 nmethod 8247 0x0000026c9c513190 code [0x0000026c9c513380, 0x0000026c9c513958]
Event: 50.486 Thread 0x0000026cb2a36510 8248       3       com.google.common.collect.Sets::newHashSet (8 bytes)
Event: 50.486 Thread 0x0000026cb2a36510 nmethod 8248 0x0000026c9c513b90 code [0x0000026c9c513d60, 0x0000026c9c5141f8]
Event: 50.490 Thread 0x0000026cb2a36510 8249       3       java.util.LinkedHashMap$LinkedValues::toArray (16 bytes)
Event: 50.490 Thread 0x0000026cb2a36510 nmethod 8249 0x0000026c9c514390 code [0x0000026c9c514540, 0x0000026c9c5146b8]
Event: 50.490 Thread 0x0000026cb2a36510 8250       3       java.util.Comparator$$Lambda$192/0x0000000100250460::compare (10 bytes)
Event: 50.490 Thread 0x0000026cb2a36510 nmethod 8250 0x0000026c9c514790 code [0x0000026c9c514960, 0x0000026c9c514e28]
Event: 50.490 Thread 0x0000026cb2a36510 8251       3       java.util.Comparator::lambda$comparing$77a9974f$1 (23 bytes)
Event: 50.490 Thread 0x0000026cb2a36510 nmethod 8251 0x0000026c9c514f90 code [0x0000026c9c515160, 0x0000026c9c5155a8]
Event: 50.491 Thread 0x0000026cb2a36510 8252       1       org.gradle.internal.reflect.annotations.impl.DefaultPropertyAnnotationMetadata::getPropertyName (5 bytes)
Event: 50.491 Thread 0x0000026cb2a36510 nmethod 8252 0x0000026ca3657e10 code [0x0000026ca3657fa0, 0x0000026ca3658078]

GC Heap History (20 events):
Event: 32.502 GC heap before
{Heap before GC invocations=31 (full 0):
 garbage-first heap   total 96256K, used 55896K [0x0000000080000000, 0x0000000100000000)
  region size 1024K, 4 young (4096K), 2 survivors (2048K)
 Metaspace       used 62792K, committed 63360K, reserved 1114112K
  class space    used 8546K, committed 8832K, reserved 1048576K
}
Event: 32.504 GC heap after
{Heap after GC invocations=32 (full 0):
 garbage-first heap   total 96256K, used 54044K [0x0000000080000000, 0x0000000100000000)
  region size 1024K, 1 young (1024K), 1 survivors (1024K)
 Metaspace       used 62792K, committed 63360K, reserved 1114112K
  class space    used 8546K, committed 8832K, reserved 1048576K
}
Event: 33.890 GC heap before
{Heap before GC invocations=32 (full 0):
 garbage-first heap   total 96256K, used 76572K [0x0000000080000000, 0x0000000100000000)
  region size 1024K, 23 young (23552K), 1 survivors (1024K)
 Metaspace       used 65286K, committed 65920K, reserved 1114112K
  class space    used 8917K, committed 9216K, reserved 1048576K
}
Event: 33.892 GC heap after
{Heap after GC invocations=33 (full 0):
 garbage-first heap   total 115712K, used 54823K [0x0000000080000000, 0x0000000100000000)
  region size 1024K, 2 young (2048K), 2 survivors (2048K)
 Metaspace       used 65286K, committed 65920K, reserved 1114112K
  class space    used 8917K, committed 9216K, reserved 1048576K
}
Event: 36.348 GC heap before
{Heap before GC invocations=34 (full 0):
 garbage-first heap   total 115712K, used 95783K [0x0000000080000000, 0x0000000100000000)
  region size 1024K, 37 young (37888K), 2 survivors (2048K)
 Metaspace       used 68049K, committed 68736K, reserved 1114112K
  class space    used 9267K, committed 9600K, reserved 1048576K
}
Event: 36.352 GC heap after
{Heap after GC invocations=35 (full 0):
 garbage-first heap   total 115712K, used 60004K [0x0000000080000000, 0x0000000100000000)
  region size 1024K, 5 young (5120K), 5 survivors (5120K)
 Metaspace       used 68049K, committed 68736K, reserved 1114112K
  class space    used 9267K, committed 9600K, reserved 1048576K
}
Event: 36.360 GC heap before
{Heap before GC invocations=35 (full 0):
 garbage-first heap   total 115712K, used 61028K [0x0000000080000000, 0x0000000100000000)
  region size 1024K, 6 young (6144K), 5 survivors (5120K)
 Metaspace       used 68141K, committed 68800K, reserved 1114112K
  class space    used 9276K, committed 9600K, reserved 1048576K
}
Event: 36.364 GC heap after
{Heap after GC invocations=36 (full 0):
 garbage-first heap   total 115712K, used 60087K [0x0000000080000000, 0x0000000100000000)
  region size 1024K, 1 young (1024K), 1 survivors (1024K)
 Metaspace       used 68141K, committed 68800K, reserved 1114112K
  class space    used 9276K, committed 9600K, reserved 1048576K
}
Event: 37.537 GC heap before
{Heap before GC invocations=36 (full 0):
 garbage-first heap   total 115712K, used 90807K [0x0000000080000000, 0x0000000100000000)
  region size 1024K, 31 young (31744K), 1 survivors (1024K)
 Metaspace       used 70298K, committed 70848K, reserved 1114112K
  class space    used 9568K, committed 9856K, reserved 1048576K
}
Event: 37.539 GC heap after
{Heap after GC invocations=37 (full 0):
 garbage-first heap   total 115712K, used 61225K [0x0000000080000000, 0x0000000100000000)
  region size 1024K, 2 young (2048K), 2 survivors (2048K)
 Metaspace       used 70298K, committed 70848K, reserved 1114112K
  class space    used 9568K, committed 9856K, reserved 1048576K
}
Event: 39.490 GC heap before
{Heap before GC invocations=37 (full 0):
 garbage-first heap   total 115712K, used 91945K [0x0000000080000000, 0x0000000100000000)
  region size 1024K, 32 young (32768K), 2 survivors (2048K)
 Metaspace       used 73528K, committed 74112K, reserved 1114112K
  class space    used 10019K, committed 10304K, reserved 1048576K
}
Event: 39.493 GC heap after
{Heap after GC invocations=38 (full 0):
 garbage-first heap   total 115712K, used 62358K [0x0000000080000000, 0x0000000100000000)
  region size 1024K, 3 young (3072K), 3 survivors (3072K)
 Metaspace       used 73528K, committed 74112K, reserved 1114112K
  class space    used 10019K, committed 10304K, reserved 1048576K
}
Event: 40.857 GC heap before
{Heap before GC invocations=38 (full 0):
 garbage-first heap   total 115712K, used 94102K [0x0000000080000000, 0x0000000100000000)
  region size 1024K, 34 young (34816K), 3 survivors (3072K)
 Metaspace       used 75490K, committed 76096K, reserved 1179648K
  class space    used 10270K, committed 10560K, reserved 1048576K
}
Event: 40.862 GC heap after
{Heap after GC invocations=39 (full 0):
 garbage-first heap   total 115712K, used 65592K [0x0000000080000000, 0x0000000100000000)
  region size 1024K, 5 young (5120K), 5 survivors (5120K)
 Metaspace       used 75490K, committed 76096K, reserved 1179648K
  class space    used 10270K, committed 10560K, reserved 1048576K
}
Event: 43.051 GC heap before
{Heap before GC invocations=39 (full 0):
 garbage-first heap   total 115712K, used 92216K [0x0000000080000000, 0x0000000100000000)
  region size 1024K, 32 young (32768K), 5 survivors (5120K)
 Metaspace       used 77411K, committed 78016K, reserved 1179648K
  class space    used 10542K, committed 10816K, reserved 1048576K
}
Event: 43.056 GC heap after
{Heap after GC invocations=40 (full 0):
 garbage-first heap   total 115712K, used 66686K [0x0000000080000000, 0x0000000100000000)
  region size 1024K, 2 young (2048K), 2 survivors (2048K)
 Metaspace       used 77411K, committed 78016K, reserved 1179648K
  class space    used 10542K, committed 10816K, reserved 1048576K
}
Event: 46.865 GC heap before
{Heap before GC invocations=40 (full 0):
 garbage-first heap   total 115712K, used 95358K [0x0000000080000000, 0x0000000100000000)
  region size 1024K, 30 young (30720K), 2 survivors (2048K)
 Metaspace       used 79393K, committed 80064K, reserved 1179648K
  class space    used 10885K, committed 11200K, reserved 1048576K
}
Event: 46.868 GC heap after
{Heap after GC invocations=41 (full 0):
 garbage-first heap   total 115712K, used 67161K [0x0000000080000000, 0x0000000100000000)
  region size 1024K, 2 young (2048K), 2 survivors (2048K)
 Metaspace       used 79393K, committed 80064K, reserved 1179648K
  class space    used 10885K, committed 11200K, reserved 1048576K
}
Event: 49.858 GC heap before
{Heap before GC invocations=41 (full 0):
 garbage-first heap   total 115712K, used 95833K [0x0000000080000000, 0x0000000100000000)
  region size 1024K, 30 young (30720K), 2 survivors (2048K)
 Metaspace       used 81455K, committed 82112K, reserved 1179648K
  class space    used 11301K, committed 11584K, reserved 1048576K
}
Event: 49.861 GC heap after
{Heap after GC invocations=42 (full 0):
 garbage-first heap   total 115712K, used 68315K [0x0000000080000000, 0x0000000100000000)
  region size 1024K, 3 young (3072K), 3 survivors (3072K)
 Metaspace       used 81455K, committed 82112K, reserved 1179648K
  class space    used 11301K, committed 11584K, reserved 1048576K
}

Dll operation events (3 events):
Event: 0.203 Loaded shared library C:\Program Files\Android\Android Studio\jbr\bin\java.dll
Event: 1.998 Loaded shared library C:\Program Files\Android\Android Studio\jbr\bin\zip.dll
Event: 5.054 Loaded shared library C:\Program Files\Android\Android Studio\jbr\bin\verify.dll

Deoptimization events (20 events):
Event: 44.195 Thread 0x0000026cb87af1b0 Uncommon trap: trap_request=0xffffff45 fr.pc=0x0000026ca339dc5c relative=0x000000000000059c
Event: 44.195 Thread 0x0000026cb87af1b0 Uncommon trap: reason=unstable_if action=reinterpret pc=0x0000026ca339dc5c method=java.lang.AbstractStringBuilder.appendChars(Ljava/lang/String;II)V @ 11 c2
Event: 44.195 Thread 0x0000026cb87af1b0 DEOPT PACKING pc=0x0000026ca339dc5c sp=0x000000c37d9f6fc0
Event: 44.195 Thread 0x0000026cb87af1b0 DEOPT UNPACKING pc=0x0000026ca2cc69a3 sp=0x000000c37d9f6f00 mode 2
Event: 44.195 Thread 0x0000026cb87af1b0 Uncommon trap: trap_request=0xffffff45 fr.pc=0x0000026ca339f114 relative=0x0000000000000174
Event: 44.195 Thread 0x0000026cb87af1b0 Uncommon trap: reason=unstable_if action=reinterpret pc=0x0000026ca339f114 method=java.lang.AbstractStringBuilder.appendChars(Ljava/lang/String;II)V @ 11 c2
Event: 44.195 Thread 0x0000026cb87af1b0 DEOPT PACKING pc=0x0000026ca339f114 sp=0x000000c37d9f6f40
Event: 44.195 Thread 0x0000026cb87af1b0 DEOPT UNPACKING pc=0x0000026ca2cc69a3 sp=0x000000c37d9f6ef0 mode 2
Event: 44.195 Thread 0x0000026cb87af1b0 Uncommon trap: trap_request=0xffffff45 fr.pc=0x0000026ca321c038 relative=0x0000000000000038
Event: 44.195 Thread 0x0000026cb87af1b0 Uncommon trap: reason=unstable_if action=reinterpret pc=0x0000026ca321c038 method=java.lang.StringLatin1.canEncode(I)Z @ 4 c2
Event: 44.195 Thread 0x0000026cb87af1b0 DEOPT PACKING pc=0x0000026ca321c038 sp=0x000000c37d9f6f00
Event: 44.195 Thread 0x0000026cb87af1b0 DEOPT UNPACKING pc=0x0000026ca2cc69a3 sp=0x000000c37d9f6e90 mode 2
Event: 49.013 Thread 0x0000026cb87af1b0 Uncommon trap: trap_request=0xffffffdc fr.pc=0x0000026ca36446c0 relative=0x00000000000002a0
Event: 49.013 Thread 0x0000026cb87af1b0 Uncommon trap: reason=class_check action=make_not_entrant pc=0x0000026ca36446c0 method=java.util.ArrayList.toArray([Ljava/lang/Object;)[Ljava/lang/Object; @ 21 c2
Event: 49.013 Thread 0x0000026cb87af1b0 DEOPT PACKING pc=0x0000026ca36446c0 sp=0x000000c37d9f8800
Event: 49.013 Thread 0x0000026cb87af1b0 DEOPT UNPACKING pc=0x0000026ca2cc69a3 sp=0x000000c37d9f87d0 mode 2
Event: 50.349 Thread 0x0000026cb87af1b0 Uncommon trap: trap_request=0xffffff45 fr.pc=0x0000026ca33ab04c relative=0x000000000000028c
Event: 50.349 Thread 0x0000026cb87af1b0 Uncommon trap: reason=unstable_if action=reinterpret pc=0x0000026ca33ab04c method=java.io.WinNTFileSystem.prefixLength(Ljava/lang/String;)I @ 11 c2
Event: 50.349 Thread 0x0000026cb87af1b0 DEOPT PACKING pc=0x0000026ca33ab04c sp=0x000000c37d9f8860
Event: 50.349 Thread 0x0000026cb87af1b0 DEOPT UNPACKING pc=0x0000026ca2cc69a3 sp=0x000000c37d9f87e0 mode 2

Classes unloaded (0 events):
No events

Classes redefined (0 events):
No events

Internal exceptions (20 events):
Event: 22.858 Thread 0x0000026cb87b00e0 Exception <a 'java/lang/NoSuchMethodError'{0x0000000086c1e230}: static Lorg/gradle/internal/build/event/types/DefaultScriptPluginIdentifier;.<clinit>()V> (0x0000000086c1e230) 
thrown [s\src\hotspot\share\prims\jni.cpp, line 1127]
Event: 22.965 Thread 0x0000026cb87af1b0 Implicit null exception at 0x0000026ca3235c12 to 0x0000026ca3236298
Event: 22.965 Thread 0x0000026cb87af1b0 Implicit null exception at 0x0000026ca3249314 to 0x0000026ca324997c
Event: 23.182 Thread 0x0000026cb87af1b0 Exception <a 'java/lang/NoSuchMethodError'{0x0000000087035f00}: 'void java.lang.invoke.Invokers$Holder.invoke_MT(java.lang.Object, java.lang.Object, java.lang.Object, java.lang.Object)'> (0x0000000087035f00) 
thrown [s\src\hotspot\share\interpreter\linkResolver.cpp, line 771]
Event: 23.283 Thread 0x0000026cb87af1b0 Exception <a 'java/lang/NoSuchMethodError'{0x00000000870b5de8}: 'java.lang.Object java.lang.invoke.DirectMethodHandle$Holder.invokeSpecial(java.lang.Object, java.lang.Object, java.lang.Object, int, java.lang.Object, java.lang.Object)'> (0x00000000870b5de8) 
thrown [s\src\hotspot\share\interpreter\linkResolver.cpp, line 771]
Event: 25.069 Thread 0x0000026cb87af1b0 Exception <a 'java/lang/ClassNotFoundException'{0x0000000084219b70}: sun/misc/SharedSecrets> (0x0000000084219b70) 
thrown [s\src\hotspot\share\classfile\systemDictionary.cpp, line 256]
Event: 25.069 Thread 0x0000026cb87af1b0 Exception <a 'java/lang/ClassNotFoundException'{0x000000008421b148}: org/gradle/api/internal/plugins/DefaultObjectConfigurationActionBeanInfo> (0x000000008421b148) 
thrown [s\src\hotspot\share\classfile\systemDictionary.cpp, line 256]
Event: 25.071 Thread 0x0000026cb87af1b0 Exception <a 'java/lang/ClassNotFoundException'{0x0000000084231728}: org/gradle/api/internal/plugins/DefaultObjectConfigurationActionCustomizer> (0x0000000084231728) 
thrown [s\src\hotspot\share\classfile\systemDictionary.cpp, line 256]
Event: 34.869 Thread 0x0000026cb87af1b0 Implicit null exception at 0x0000026ca33e460c to 0x0000026ca33e4742
Event: 35.332 Thread 0x0000026cb87af1b0 Exception <a 'sun/nio/fs/WindowsException'{0x0000000085b63918}> (0x0000000085b63918) 
thrown [s\src\hotspot\share\prims\jni.cpp, line 531]
Event: 37.714 Thread 0x0000026cb87af1b0 Implicit null exception at 0x0000026ca351fe49 to 0x0000026ca351ff1c
Event: 39.264 Thread 0x0000026cb87af1b0 Implicit null exception at 0x0000026ca33f2175 to 0x0000026ca33f28c8
Event: 39.523 Thread 0x0000026cb87af1b0 Implicit null exception at 0x0000026ca33eebf2 to 0x0000026ca33ef324
Event: 41.770 Thread 0x0000026cb87af1b0 Exception <a 'java/lang/NoClassDefFoundError'{0x00000000868a8240}: org/jetbrains/kotlin/gradle/plugin/KotlinBasePluginWrapper> (0x00000000868a8240) 
thrown [s\src\hotspot\share\classfile\systemDictionary.cpp, line 245]
Event: 42.852 Thread 0x0000026cb87af1b0 Exception <a 'java/lang/NoClassDefFoundError'{0x0000000085af5b10}: org/jetbrains/kotlin/gradle/plugin/KotlinBasePluginWrapper> (0x0000000085af5b10) 
thrown [s\src\hotspot\share\oops\constantPool.cpp, line 837]
Event: 43.032 Thread 0x0000026cb87af1b0 Exception <a 'java/lang/NoClassDefFoundError'{0x00000000857fe178}: org/jetbrains/kotlin/gradle/plugin/KotlinBasePluginWrapper> (0x00000000857fe178) 
thrown [s\src\hotspot\share\oops\constantPool.cpp, line 837]
Event: 43.072 Thread 0x0000026cb87af1b0 Exception <a 'java/lang/NoClassDefFoundError'{0x000000008a1779a8}: org/jetbrains/kotlin/gradle/plugin/KotlinBasePluginWrapper> (0x000000008a1779a8) 
thrown [s\src\hotspot\share\oops\constantPool.cpp, line 837]
Event: 43.076 Thread 0x0000026cb87af1b0 Exception <a 'java/lang/NoClassDefFoundError'{0x000000008a195b78}: org/jetbrains/kotlin/gradle/plugin/KotlinBasePluginWrapper> (0x000000008a195b78) 
thrown [s\src\hotspot\share\oops\constantPool.cpp, line 837]
Event: 49.757 Thread 0x0000026cb87af1b0 Exception <a 'java/lang/NoSuchMethodError'{0x00000000856dbe10}: 'int java.lang.invoke.DirectMethodHandle$Holder.invokeSpecialIFC(java.lang.Object, java.lang.Object, java.lang.Object, java.lang.Object, java.lang.Object)'> (0x00000000856dbe10) 
thrown [s\src\hotspot\share\interpreter\linkResolver.cpp, line 771]
Event: 50.172 Thread 0x0000026cb87af1b0 Exception <a 'java/lang/NoSuchMethodError'{0x0000000086d83020}: 'java.lang.Object java.lang.invoke.Invokers$Holder.invokeExact_MT(java.lang.Object, java.lang.Object, java.lang.Object, int, java.lang.Object, java.lang.Object)'> (0x0000000086d83020) 
thrown [s\src\hotspot\share\interpreter\linkResolver.cpp, line 771]

VM Operations (20 events):
Event: 42.875 Executing VM operation: Cleanup
Event: 42.875 Executing VM operation: Cleanup done
Event: 43.051 Executing VM operation: G1CollectForAllocation
Event: 43.056 Executing VM operation: G1CollectForAllocation done
Event: 44.056 Executing VM operation: Cleanup
Event: 44.056 Executing VM operation: Cleanup done
Event: 45.062 Executing VM operation: Cleanup
Event: 45.062 Executing VM operation: Cleanup done
Event: 46.070 Executing VM operation: Cleanup
Event: 46.070 Executing VM operation: Cleanup done
Event: 46.865 Executing VM operation: G1CollectForAllocation
Event: 46.868 Executing VM operation: G1CollectForAllocation done
Event: 47.872 Executing VM operation: Cleanup
Event: 47.872 Executing VM operation: Cleanup done
Event: 48.881 Executing VM operation: Cleanup
Event: 48.881 Executing VM operation: Cleanup done
Event: 49.195 Executing VM operation: HandshakeAllThreads
Event: 49.195 Executing VM operation: HandshakeAllThreads done
Event: 49.858 Executing VM operation: G1CollectForAllocation
Event: 49.861 Executing VM operation: G1CollectForAllocation done

Events (20 events):
Event: 37.848 Thread 0x0000026cb7a40410 Thread exited: 0x0000026cb7a40410
Event: 39.702 loading class java/util/ArrayList$SubList$1
Event: 39.702 loading class java/util/ArrayList$SubList$1 done
Event: 39.728 loading class java/lang/Override
Event: 39.728 loading class java/lang/Override done
Event: 39.928 Thread 0x0000026cb7a41ea0 Thread added: 0x0000026cb7a41ea0
Event: 40.090 Thread 0x0000026cb7a41ea0 Thread exited: 0x0000026cb7a41ea0
Event: 40.685 loading class jdk/internal/access/foreign/MemorySegmentProxy
Event: 40.686 loading class jdk/internal/access/foreign/MemorySegmentProxy done
Event: 40.716 Thread 0x0000026cb7a41ea0 Thread added: 0x0000026cb7a41ea0
Event: 40.735 Thread 0x0000026cb2a4efa0 flushing nmethod 0x0000026c9be88f10
Event: 40.911 Thread 0x0000026cb7a41ea0 Thread exited: 0x0000026cb7a41ea0
Event: 43.924 loading class sun/reflect/generics/repository/FieldRepository
Event: 43.924 loading class sun/reflect/generics/repository/FieldRepository done
Event: 44.039 loading class jdk/internal/vm/annotation/ForceInline
Event: 44.039 loading class jdk/internal/vm/annotation/ForceInline done
Event: 44.060 Thread 0x0000026cb7a41ea0 Thread added: 0x0000026cb7a41ea0
Event: 44.196 loading class java/util/regex/Pattern$Caret
Event: 44.196 loading class java/util/regex/Pattern$Caret done
Event: 44.663 Thread 0x0000026cb7a41ea0 Thread exited: 0x0000026cb7a41ea0


Dynamic libraries:
0x00007ff679940000 - 0x00007ff67994a000 	C:\Program Files\Android\Android Studio\jbr\bin\java.exe
0x00007ffd911d0000 - 0x00007ffd913c8000 	C:\Windows\SYSTEM32\ntdll.dll
0x00007ffd90d20000 - 0x00007ffd90de1000 	C:\Windows\System32\KERNEL32.DLL
0x00007ffd8e930000 - 0x00007ffd8ec26000 	C:\Windows\System32\KERNELBASE.dll
0x00007ffd8f100000 - 0x00007ffd8f200000 	C:\Windows\System32\ucrtbase.dll
0x00007ffd7a090000 - 0x00007ffd7a0a7000 	C:\Program Files\Android\Android Studio\jbr\bin\jli.dll
0x00007ffd5c580000 - 0x00007ffd5c59b000 	C:\Program Files\Android\Android Studio\jbr\bin\VCRUNTIME140.dll
0x00007ffd8ffb0000 - 0x00007ffd9014f000 	C:\Windows\System32\USER32.dll
0x00007ffd8f080000 - 0x00007ffd8f0a2000 	C:\Windows\System32\win32u.dll
0x00007ffd7ad40000 - 0x00007ffd7afda000 	C:\Windows\WinSxS\amd64_microsoft.windows.common-controls_6595b64144ccf1df_6.0.19041.4355_none_60b8b9eb71f62e16\COMCTL32.dll
0x00007ffd90cf0000 - 0x00007ffd90d1b000 	C:\Windows\System32\GDI32.dll
0x00007ffd8f5a0000 - 0x00007ffd8f63e000 	C:\Windows\System32\msvcrt.dll
0x00007ffd8ec30000 - 0x00007ffd8ed47000 	C:\Windows\System32\gdi32full.dll
0x00007ffd8eee0000 - 0x00007ffd8ef7d000 	C:\Windows\System32\msvcp_win.dll
0x00007ffd8f570000 - 0x00007ffd8f59f000 	C:\Windows\System32\IMM32.DLL
0x00007ffd60ce0000 - 0x00007ffd60cec000 	C:\Program Files\Android\Android Studio\jbr\bin\vcruntime140_1.dll
0x00007ffd40c40000 - 0x00007ffd40ccd000 	C:\Program Files\Android\Android Studio\jbr\bin\msvcp140.dll
0x00007ffd34330000 - 0x00007ffd34fb3000 	C:\Program Files\Android\Android Studio\jbr\bin\server\jvm.dll
0x00007ffd90df0000 - 0x00007ffd90ea0000 	C:\Windows\System32\ADVAPI32.dll
0x00007ffd90a10000 - 0x00007ffd90ab0000 	C:\Windows\System32\sechost.dll
0x00007ffd8f860000 - 0x00007ffd8f983000 	C:\Windows\System32\RPCRT4.dll
0x00007ffd8ed50000 - 0x00007ffd8ed77000 	C:\Windows\System32\bcrypt.dll
0x00007ffd8e710000 - 0x00007ffd8e75b000 	C:\Windows\SYSTEM32\POWRPROF.dll
0x00007ffd8cfb0000 - 0x00007ffd8cfb9000 	C:\Windows\SYSTEM32\WSOCK32.dll
0x00007ffd813c0000 - 0x00007ffd813ca000 	C:\Windows\SYSTEM32\VERSION.dll
0x00007ffd7b130000 - 0x00007ffd7b157000 	C:\Windows\SYSTEM32\WINMM.dll
0x00007ffd90c80000 - 0x00007ffd90ceb000 	C:\Windows\System32\WS2_32.dll
0x00007ffd8e6b0000 - 0x00007ffd8e6c2000 	C:\Windows\SYSTEM32\UMPDC.dll
0x00007ffd8d300000 - 0x00007ffd8d312000 	C:\Windows\SYSTEM32\kernel.appcore.dll
0x00007ffd8b170000 - 0x00007ffd8b17a000 	C:\Program Files\Android\Android Studio\jbr\bin\jimage.dll
0x00007ffd8c5c0000 - 0x00007ffd8c7a4000 	C:\Windows\SYSTEM32\DBGHELP.DLL
0x00007ffd812f0000 - 0x00007ffd81324000 	C:\Windows\SYSTEM32\dbgcore.DLL
0x00007ffd8eff0000 - 0x00007ffd8f072000 	C:\Windows\System32\bcryptPrimitives.dll
0x00007ffd8b1b0000 - 0x00007ffd8b1be000 	C:\Program Files\Android\Android Studio\jbr\bin\instrument.dll
0x00007ffd8a170000 - 0x00007ffd8a195000 	C:\Program Files\Android\Android Studio\jbr\bin\java.dll
0x00007ffd88480000 - 0x00007ffd88498000 	C:\Program Files\Android\Android Studio\jbr\bin\zip.dll
0x00007ffd902a0000 - 0x00007ffd90a0c000 	C:\Windows\System32\SHELL32.dll
0x00007ffd8c7b0000 - 0x00007ffd8cf4e000 	C:\Windows\SYSTEM32\windows.storage.dll
0x00007ffd8f200000 - 0x00007ffd8f553000 	C:\Windows\System32\combase.dll
0x00007ffd8e1d0000 - 0x00007ffd8e1fe000 	C:\Windows\SYSTEM32\Wldp.dll
0x00007ffd91060000 - 0x00007ffd9112d000 	C:\Windows\System32\OLEAUT32.dll
0x00007ffd8f7b0000 - 0x00007ffd8f85d000 	C:\Windows\System32\SHCORE.dll
0x00007ffd8f750000 - 0x00007ffd8f7a5000 	C:\Windows\System32\shlwapi.dll
0x00007ffd8e7b0000 - 0x00007ffd8e7d4000 	C:\Windows\SYSTEM32\profapi.dll
0x00007ffd883c0000 - 0x00007ffd883d9000 	C:\Program Files\Android\Android Studio\jbr\bin\net.dll
0x00007ffd858d0000 - 0x00007ffd859da000 	C:\Windows\SYSTEM32\WINHTTP.dll
0x00007ffd8df30000 - 0x00007ffd8df9a000 	C:\Windows\system32\mswsock.dll
0x00007ffd862a0000 - 0x00007ffd862b6000 	C:\Program Files\Android\Android Studio\jbr\bin\nio.dll
0x00007ffd8b1c0000 - 0x00007ffd8b1d0000 	C:\Program Files\Android\Android Studio\jbr\bin\verify.dll
0x00007ffd67230000 - 0x00007ffd67257000 	C:\Users\ozgur\.gradle\native\c067742578af261105cb4f569cf0c3c89f3d7b1fecec35dd04571415982c5e48\windows-amd64\native-platform.dll
0x00007ffd40af0000 - 0x00007ffd40c34000 	C:\Users\ozgur\.gradle\native\38dada09dfb8b06ba9b0570ebf7e218e3eb74d4ef43ca46872605cf95ebc2f47\windows-amd64\native-platform-file-events.dll
0x00007ffd8b1e0000 - 0x00007ffd8b1e9000 	C:\Program Files\Android\Android Studio\jbr\bin\management.dll
0x00007ffd8b1d0000 - 0x00007ffd8b1db000 	C:\Program Files\Android\Android Studio\jbr\bin\management_ext.dll
0x00007ffd8f560000 - 0x00007ffd8f568000 	C:\Windows\System32\PSAPI.DLL
0x00007ffd8e130000 - 0x00007ffd8e148000 	C:\Windows\SYSTEM32\CRYPTSP.dll
0x00007ffd8d850000 - 0x00007ffd8d884000 	C:\Windows\system32\rsaenh.dll
0x00007ffd8e760000 - 0x00007ffd8e78e000 	C:\Windows\SYSTEM32\USERENV.dll
0x00007ffd8e120000 - 0x00007ffd8e12c000 	C:\Windows\SYSTEM32\CRYPTBASE.dll
0x00007ffd8dc10000 - 0x00007ffd8dc4b000 	C:\Windows\SYSTEM32\IPHLPAPI.DLL
0x00007ffd90f30000 - 0x00007ffd90f38000 	C:\Windows\System32\NSI.dll
0x00007ffd87000000 - 0x00007ffd87017000 	C:\Windows\SYSTEM32\dhcpcsvc6.DLL
0x00007ffd86fc0000 - 0x00007ffd86fdd000 	C:\Windows\SYSTEM32\dhcpcsvc.DLL
0x00007ffd8dc50000 - 0x00007ffd8dd1a000 	C:\Windows\SYSTEM32\DNSAPI.dll
0x00007ffd8b270000 - 0x00007ffd8b279000 	C:\Program Files\Android\Android Studio\jbr\bin\extnet.dll
0x00007ffd53350000 - 0x00007ffd53357000 	C:\Windows\system32\wshunix.dll

dbghelp: loaded successfully - version: 4.0.5 - missing functions: none
symbol engine: initialized successfully - sym options: 0x614 - pdb path: .;C:\Program Files\Android\Android Studio\jbr\bin;C:\Windows\SYSTEM32;C:\Windows\WinSxS\amd64_microsoft.windows.common-controls_6595b64144ccf1df_6.0.19041.4355_none_60b8b9eb71f62e16;C:\Program Files\Android\Android Studio\jbr\bin\server;C:\Users\ozgur\.gradle\native\c067742578af261105cb4f569cf0c3c89f3d7b1fecec35dd04571415982c5e48\windows-amd64;C:\Users\ozgur\.gradle\native\38dada09dfb8b06ba9b0570ebf7e218e3eb74d4ef43ca46872605cf95ebc2f47\windows-amd64

VM Arguments:
jvm_args: --add-opens=java.base/java.util=ALL-UNNAMED --add-opens=java.base/java.lang=ALL-UNNAMED --add-opens=java.base/java.lang.invoke=ALL-UNNAMED --add-opens=java.prefs/java.util.prefs=ALL-UNNAMED --add-opens=java.base/java.nio.charset=ALL-UNNAMED --add-opens=java.base/java.net=ALL-UNNAMED --add-opens=java.base/java.util.concurrent.atomic=ALL-UNNAMED -Xmx2048m -Dfile.encoding=UTF-8 -Duser.country=TR -Duser.language=tr -Duser.variant -javaagent:C:\Users\ozgur\.gradle\wrapper\dists\gradle-8.7-bin\bhs2wmbdwecv87pi65oeuq5iu\gradle-8.7\lib\agents\gradle-instrumentation-agent-8.7.jar 
java_command: org.gradle.launcher.daemon.bootstrap.GradleDaemon 8.7
java_class_path (initial): C:\Users\ozgur\.gradle\wrapper\dists\gradle-8.7-bin\bhs2wmbdwecv87pi65oeuq5iu\gradle-8.7\lib\gradle-launcher-8.7.jar
Launcher Type: SUN_STANDARD

[Global flags]
     intx CICompilerCount                          = 4                                         {product} {ergonomic}
     uint ConcGCThreads                            = 2                                         {product} {ergonomic}
     uint G1ConcRefinementThreads                  = 8                                         {product} {ergonomic}
   size_t G1HeapRegionSize                         = 1048576                                   {product} {ergonomic}
    uintx GCDrainStackTargetSize                   = 64                                        {product} {ergonomic}
   size_t InitialHeapSize                          = 169869312                                 {product} {ergonomic}
   size_t MarkStackSize                            = 4194304                                   {product} {ergonomic}
   size_t MaxHeapSize                              = 2147483648                                {product} {command line}
   size_t MaxNewSize                               = 1287651328                                {product} {ergonomic}
   size_t MinHeapDeltaBytes                        = 1048576                                   {product} {ergonomic}
   size_t MinHeapSize                              = 8388608                                   {product} {ergonomic}
    uintx NonNMethodCodeHeapSize                   = 5839372                                {pd product} {ergonomic}
    uintx NonProfiledCodeHeapSize                  = 122909434                              {pd product} {ergonomic}
    uintx ProfiledCodeHeapSize                     = 122909434                              {pd product} {ergonomic}
    uintx ReservedCodeCacheSize                    = 251658240                              {pd product} {ergonomic}
     bool SegmentedCodeCache                       = true                                      {product} {ergonomic}
   size_t SoftMaxHeapSize                          = 2147483648                             {manageable} {ergonomic}
     bool UseCompressedClassPointers               = true                           {product lp64_product} {ergonomic}
     bool UseCompressedOops                        = true                           {product lp64_product} {ergonomic}
     bool UseG1GC                                  = true                                      {product} {ergonomic}
     bool UseLargePagesIndividualAllocation        = false                                  {pd product} {ergonomic}

Logging:
Log output configuration:
 #0: stdout all=warning uptime,level,tags
 #1: stderr all=off uptime,level,tags

Environment Variables:
PATH=C:\Windows\system32;C:\Windows;C:\Windows\System32\Wbem;C:\Windows\System32\WindowsPowerShell\v1.0\;C:\Windows\System32\OpenSSH\;C:\Program Files\Microsoft SQL Server\150\Tools\Binn\;C:\Program Files\Microsoft SQL Server\Client SDK\ODBC\170\Tools\Binn\;C:\Program Files\dotnet\;C:\Program Files (x86)\Microsoft SQL Server\160\Tools\Binn\;C:\Program Files\Microsoft SQL Server\160\Tools\Binn\;C:\Program Files\Microsoft SQL Server\160\DTS\Binn\;C:\Program Files (x86)\Microsoft SQL Server\160\DTS\Binn\;C:\Users\ozgur\AppData\Local\Microsoft\WindowsApps;C:\Users\ozgur\.dotnet\tools;C:\Users\ozgur\AppData\Local\Programs\Microsoft VS Code\bin;C:\Users\ozgur\AppData\Local\GitHubDesktop\bin
USERNAME=ozgur
OS=Windows_NT
PROCESSOR_IDENTIFIER=Intel64 Family 6 Model 94 Stepping 3, GenuineIntel
TMP=C:\Users\ozgur\AppData\Local\Temp
TEMP=C:\Users\ozgur\AppData\Local\Temp



Periodic native trim disabled

JNI global refs:
JNI global refs: 29, weak refs: 2

JNI global refs memory usage: 843, weak refs: 841

Process memory usage:
Resident Set Size: 323496K (3% of 10572776K total physical memory with 543356K free physical memory)

OOME stack traces (most recent first):
Classloader memory used:
Loader org.gradle.internal.classloader.VisitableURLClassLoader                         : 4227K
Loader bootstrap                                                                       : 2719K
Loader org.gradle.internal.classloader.VisitableURLClassLoader$InstrumentingVisitableURLClassLoader: 1967K
Loader org.gradle.initialization.MixInLegacyTypesClassLoader                           : 1238K
Loader jdk.internal.loader.ClassLoaders$PlatformClassLoader                            : 69390B
Loader jdk.internal.reflect.DelegatingClassLoader                                      : 40276B
Loader jdk.internal.loader.ClassLoaders$AppClassLoader                                 : 28721B
Loader org.gradle.internal.classloader.VisitableURLClassLoader                         : 21503B

Classes loaded by more than one classloader:
Class Program                                                                         : loaded 5 times (x 70B)
Class Build_gradle$1                                                                  : loaded 3 times (x 72B)
Class Build_gradle                                                                    : loaded 3 times (x 128B)
Class [Lcom.google.common.collect.AbstractMapEntry;                                   : loaded 2 times (x 67B)
Class com.google.common.collect.SingletonImmutableList                                : loaded 2 times (x 167B)
Class com.google.common.cache.CacheLoader$SupplierToCacheLoader                       : loaded 2 times (x 73B)
Class org.gradle.internal.classpath.ClassPath                                         : loaded 2 times (x 68B)
Class com.google.common.cache.RemovalListener                                         : loaded 2 times (x 68B)
Class org.gradle.api.internal.classpath.DefaultModuleRegistry                         : loaded 2 times (x 84B)
Class Settings_gradle$1$1                                                             : loaded 2 times (x 72B)
Class com.google.common.collect.ImmutableEnumSet                                      : loaded 2 times (x 144B)
Class com.google.common.collect.ListMultimap                                          : loaded 2 times (x 68B)
Class com.google.common.base.CharMatcher$JavaDigit                                    : loaded 2 times (x 109B)
Class com.google.common.base.CharMatcher$Digit                                        : loaded 2 times (x 110B)
Class com.google.common.collect.AbstractMultimap                                      : loaded 2 times (x 121B)
Class com.google.common.cache.CacheBuilder$OneWeigher                                 : loaded 2 times (x 80B)
Class org.gradle.api.Action                                                           : loaded 2 times (x 68B)
Class com.google.common.collect.ImmutableEntry                                        : loaded 2 times (x 80B)
Class com.google.common.collect.Lists$StringAsImmutableList                           : loaded 2 times (x 167B)
Class com.google.common.cache.LocalCache$StrongEntry                                  : loaded 2 times (x 106B)
Class org.objectweb.asm.FieldWriter                                                   : loaded 2 times (x 76B)
Class com.google.common.base.CharMatcher                                              : loaded 2 times (x 109B)
Class com.google.common.base.CharMatcher$IsNot                                        : loaded 2 times (x 109B)
Class com.google.common.base.Splitter                                                 : loaded 2 times (x 70B)
Class [Lcom.google.common.cache.Weigher;                                              : loaded 2 times (x 67B)
Class com.google.common.collect.Iterators$ArrayItr                                    : loaded 2 times (x 95B)
Class com.google.common.cache.LocalCache$Segment                                      : loaded 2 times (x 152B)
Class org.gradle.api.internal.DefaultClassPathProvider                                : loaded 2 times (x 74B)
Class org.gradle.internal.installation.GradleInstallation$1                           : loaded 2 times (x 73B)
Class com.google.common.cache.LocalCache$AbstractReferenceEntry                       : loaded 2 times (x 105B)
Class org.objectweb.asm.Type                                                          : loaded 2 times (x 70B)
Class com.google.common.util.concurrent.AbstractFuture$Failure                        : loaded 2 times (x 70B)
Class com.google.common.base.CharMatcher$BitSetMatcher                                : loaded 2 times (x 110B)
Class com.google.common.collect.ImmutableMap$IteratorBasedImmutableMap                : loaded 2 times (x 123B)
Class com.google.common.collect.ImmutableMap                                          : loaded 2 times (x 118B)
Class com.google.common.base.Converter                                                : loaded 2 times (x 88B)
Class com.google.common.collect.ImmutableSet$EmptySetBuilderImpl                      : loaded 2 times (x 74B)
Class com.google.common.base.Equivalence                                              : loaded 2 times (x 80B)
Class com.google.common.primitives.Ints                                               : loaded 2 times (x 69B)
Class com.google.common.cache.LocalCache$EntryFactory$1                               : loaded 2 times (x 81B)
Class com.google.common.cache.LocalCache$EntryFactory$2                               : loaded 2 times (x 81B)
Class com.google.common.cache.LocalCache$EntryFactory$3                               : loaded 2 times (x 81B)
Class com.google.common.cache.LocalCache$EntryFactory$4                               : loaded 2 times (x 81B)
Class com.google.common.cache.LocalCache$EntryFactory$5                               : loaded 2 times (x 81B)
Class com.google.common.cache.LocalCache$EntryFactory$6                               : loaded 2 times (x 81B)
Class com.google.common.cache.LocalCache$EntryFactory$7                               : loaded 2 times (x 81B)
Class com.google.common.cache.LocalCache$EntryFactory$8                               : loaded 2 times (x 81B)
Class com.google.common.base.Predicate                                                : loaded 2 times (x 68B)
Class com.google.common.cache.LocalCache$StrongValueReference                         : loaded 2 times (x 88B)
Class org.gradle.internal.classloader.FilteringClassLoader                            : loaded 2 times (x 103B)
Class com.google.common.collect.RegularImmutableSet                                   : loaded 2 times (x 146B)
Class [Lcom.google.common.cache.LocalCache$Strength;                                  : loaded 2 times (x 67B)
Class org.gradle.internal.classpath.DefaultClassPath$ImmutableUniqueList$Builder      : loaded 2 times (x 73B)
Class com.google.common.collect.Maps$8                                                : loaded 2 times (x 80B)
Class [Lcom.google.common.cache.CacheBuilder$NullListener;                            : loaded 2 times (x 67B)
Class com.google.common.base.PatternCompiler                                          : loaded 2 times (x 68B)
Class com.google.common.base.CharMatcher$InRange                                      : loaded 2 times (x 109B)
Class com.google.common.collect.Maps$KeySet                                           : loaded 2 times (x 135B)
Class com.google.common.collect.Sets$SetView                                          : loaded 2 times (x 136B)
Class com.google.common.collect.BiMap                                                 : loaded 2 times (x 68B)
Class com.google.common.collect.Lists                                                 : loaded 2 times (x 69B)
Class org.objectweb.asm.AnnotationWriter                                              : loaded 2 times (x 77B)
Class com.google.common.math.IntMath$1                                                : loaded 2 times (x 69B)
Class org.gradle.internal.classloader.ClassLoaderVisitor                              : loaded 2 times (x 74B)
Class org.objectweb.asm.Label                                                         : loaded 2 times (x 71B)
Class com.google.common.cache.CacheBuilder$NullListener                               : loaded 2 times (x 80B)
Class com.google.common.math.MathPreconditions                                        : loaded 2 times (x 69B)
Class org.gradle.internal.service.DefaultServiceLocator                               : loaded 2 times (x 81B)
Class org.gradle.internal.service.UnknownServiceException                             : loaded 2 times (x 81B)
Class com.google.common.util.concurrent.AbstractFuture$SynchronizedHelper             : loaded 2 times (x 76B)
Class com.google.common.collect.ArrayListMultimap                                     : loaded 2 times (x 170B)
Class com.google.common.base.Strings                                                  : loaded 2 times (x 69B)
Class com.google.common.cache.CacheLoader$InvalidCacheLoadException                   : loaded 2 times (x 80B)
Class org.gradle.internal.classloader.DefaultClassLoaderFactory                       : loaded 2 times (x 80B)
Class com.google.common.collect.UnmodifiableIterator                                  : loaded 2 times (x 78B)
Class com.google.common.base.Stopwatch                                                : loaded 2 times (x 70B)
Class com.google.common.base.Platform$JdkPatternCompiler                              : loaded 2 times (x 73B)
Class com.google.common.cache.LocalCache$LoadingValueReference                        : loaded 2 times (x 94B)
Class com.google.common.base.CharMatcher$SingleWidth                                  : loaded 2 times (x 110B)
Class com.google.common.collect.Hashing                                               : loaded 2 times (x 69B)
Class com.google.common.base.JdkPattern                                               : loaded 2 times (x 73B)
Class com.google.common.collect.Multimap                                              : loaded 2 times (x 68B)
Class com.google.common.base.FunctionalEquivalence                                    : loaded 2 times (x 81B)
Class org.objectweb.asm.AnnotationVisitor                                             : loaded 2 times (x 76B)
Class org.objectweb.asm.RecordComponentWriter                                         : loaded 2 times (x 76B)
Class com.google.common.cache.LocalCache$1                                            : loaded 2 times (x 87B)
Class com.google.common.cache.LocalCache$2                                            : loaded 2 times (x 140B)
Class com.google.common.collect.RegularImmutableBiMap                                 : loaded 2 times (x 146B)
Class org.gradle.internal.classloader.VisitableURLClassLoader$Spec                    : loaded 2 times (x 72B)
Class org.gradle.api.GradleException                                                  : loaded 2 times (x 80B)
Class com.google.common.base.CharMatcher$JavaLetterOrDigit                            : loaded 2 times (x 109B)
Class org.gradle.api.internal.classpath.ModuleRegistry                                : loaded 2 times (x 68B)
Class com.google.common.cache.CacheBuilder                                            : loaded 2 times (x 70B)
Class org.objectweb.asm.ByteVector                                                    : loaded 2 times (x 77B)
Class com.google.common.collect.ImmutableCollection                                   : loaded 2 times (x 123B)
Class com.google.common.base.PairwiseEquivalence                                      : loaded 2 times (x 81B)
Class com.google.common.base.Ticker                                                   : loaded 2 times (x 70B)
Class org.gradle.api.internal.ClassPathProvider                                       : loaded 2 times (x 68B)
Class com.google.common.base.Ascii                                                    : loaded 2 times (x 69B)
Class org.objectweb.asm.ModuleVisitor                                                 : loaded 2 times (x 79B)
Class org.objectweb.asm.ModuleWriter                                                  : loaded 2 times (x 80B)
Class org.gradle.internal.classloader.ClasspathUtil$1                                 : loaded 2 times (x 74B)
Class com.google.common.collect.ImmutableEnumMap                                      : loaded 2 times (x 123B)
Class com.google.common.collect.ImmutableList$ReverseImmutableList                    : loaded 2 times (x 168B)
Class com.google.common.cache.AbstractCache$StatsCounter                              : loaded 2 times (x 68B)
Class org.objectweb.asm.FieldVisitor                                                  : loaded 2 times (x 75B)
Class org.objectweb.asm.Symbol                                                        : loaded 2 times (x 71B)
Class com.google.common.cache.LocalCache$Strength$1                                   : loaded 2 times (x 79B)
Class com.google.common.cache.LocalCache$Strength$2                                   : loaded 2 times (x 79B)
Class com.google.common.cache.LocalCache$Strength$3                                   : loaded 2 times (x 79B)
Class org.gradle.internal.classloader.ClassLoaderFactory                              : loaded 2 times (x 68B)
Class com.google.common.collect.ObjectArrays                                          : loaded 2 times (x 69B)
Class com.google.common.util.concurrent.AbstractFuture$Waiter                         : loaded 2 times (x 70B)
Class com.google.common.util.concurrent.Uninterruptibles                              : loaded 2 times (x 69B)
Class com.google.common.collect.Iterators$10                                          : loaded 2 times (x 79B)
Class com.google.common.collect.ImmutableList                                         : loaded 2 times (x 166B)
Class org.gradle.api.internal.classpath.ManifestUtil                                  : loaded 2 times (x 69B)
Class org.gradle.api.specs.Spec                                                       : loaded 2 times (x 68B)
Class com.google.common.cache.CacheLoader$UnsupportedLoadingOperationException        : loaded 2 times (x 80B)
Class com.google.common.base.CharMatcher$Whitespace                                   : loaded 2 times (x 110B)
Class com.google.common.util.concurrent.ListenableFuture                              : loaded 2 times (x 68B)
Class com.google.common.collect.Iterators$1                                           : loaded 2 times (x 79B)
Class com.google.common.collect.Iterators$4                                           : loaded 2 times (x 80B)
Class com.google.common.collect.RegularImmutableMap$BucketOverflowException           : loaded 2 times (x 80B)
Class com.google.common.collect.Iterators$5                                           : loaded 2 times (x 80B)
Class com.google.common.util.concurrent.AbstractFuture$UnsafeAtomicHelper             : loaded 2 times (x 76B)
Class com.google.common.base.Joiner                                                   : loaded 2 times (x 77B)
Class com.google.common.base.Equivalence$Equals                                       : loaded 2 times (x 80B)
Class com.google.common.base.Preconditions                                            : loaded 2 times (x 69B)
Class com.google.common.base.Function                                                 : loaded 2 times (x 68B)
Class com.google.common.collect.Iterators$9                                           : loaded 2 times (x 79B)
Class org.gradle.internal.IoActions                                                   : loaded 2 times (x 69B)
Class com.google.common.cache.ReferenceEntry                                          : loaded 2 times (x 68B)
Class com.google.common.collect.RegularImmutableMap$KeySet                            : loaded 2 times (x 148B)
Class com.google.common.collect.CollectPreconditions                                  : loaded 2 times (x 69B)
Class com.google.common.primitives.IntsMethodsForWeb                                  : loaded 2 times (x 69B)
Class com.google.common.collect.Maps                                                  : loaded 2 times (x 69B)
Class com.google.common.collect.RegularImmutableMap                                   : loaded 2 times (x 119B)
Class com.google.common.collect.AbstractIndexedListIterator                           : loaded 2 times (x 94B)
Class com.google.common.base.CharMatcher$None                                         : loaded 2 times (x 110B)
Class org.gradle.api.internal.classpath.EffectiveClassPath                            : loaded 2 times (x 88B)
Class com.google.common.collect.UnmodifiableListIterator                              : loaded 2 times (x 93B)
Class com.google.common.cache.CacheLoader$FunctionToCacheLoader                       : loaded 2 times (x 73B)
Class com.google.common.cache.CacheBuilder$1                                          : loaded 2 times (x 83B)
Class com.google.common.cache.CacheBuilder$2                                          : loaded 2 times (x 70B)
Class com.google.common.collect.ImmutableList$1                                       : loaded 2 times (x 95B)
Class com.google.common.base.Splitter$Strategy                                        : loaded 2 times (x 68B)
Class com.google.common.collect.ImmutableMapEntrySet$RegularEntrySet                  : loaded 2 times (x 149B)
Class [Lcom.google.common.cache.RemovalListener;                                      : loaded 2 times (x 67B)
Class [Lcom.google.common.collect.ImmutableMapEntry;                                  : loaded 2 times (x 67B)
Class org.gradle.internal.installation.CurrentGradleInstallation                      : loaded 2 times (x 71B)
Class org.gradle.internal.agents.InstrumentingClassLoader                             : loaded 2 times (x 68B)
Class org.gradle.internal.installation.CurrentGradleInstallationLocator               : loaded 2 times (x 69B)
Class [Lcom.google.common.cache.LocalCache$Segment;                                   : loaded 2 times (x 67B)
Class org.gradle.api.internal.classpath.Module                                        : loaded 2 times (x 68B)
Class com.google.common.base.Splitter$1$1                                             : loaded 2 times (x 84B)
Class com.google.common.collect.ImmutableSet$JdkBackedSetBuilderImpl                  : loaded 2 times (x 74B)
Class com.google.common.collect.ImmutableSet$RegularSetBuilderImpl                    : loaded 2 times (x 75B)
Class [Lorg.objectweb.asm.AnnotationWriter;                                           : loaded 2 times (x 67B)
Class org.gradle.internal.service.CachingServiceLocator                               : loaded 2 times (x 80B)
Class [Lcom.google.common.collect.ImmutableEntry;                                     : loaded 2 times (x 67B)
Class com.google.common.collect.Sets$ImprovedAbstractSet                              : loaded 2 times (x 133B)
Class org.gradle.internal.classpath.DefaultClassPath                                  : loaded 2 times (x 88B)
Class com.google.common.util.concurrent.AbstractFuture$SetFuture                      : loaded 2 times (x 73B)
Class com.google.common.base.Splitter$SplittingIterator                               : loaded 2 times (x 82B)
Class com.google.common.cache.LocalCache$LocalManualCache$1                           : loaded 2 times (x 73B)
Class com.google.common.collect.Iterators$MergingIterator                             : loaded 2 times (x 79B)
Class org.objectweb.asm.SymbolTable$Entry                                             : loaded 2 times (x 72B)
Class [Lcom.google.common.cache.LocalCache$EntryFactory;                              : loaded 2 times (x 67B)
Class com.google.common.base.CharMatcher$Is                                           : loaded 2 times (x 109B)
Class com.google.common.base.Platform                                                 : loaded 2 times (x 69B)
Class com.google.common.collect.RegularImmutableAsList                                : loaded 2 times (x 176B)
Class com.google.common.collect.PeekingIterator                                       : loaded 2 times (x 68B)
Class com.google.common.collect.ImmutableMapEntrySet                                  : loaded 2 times (x 149B)
Class com.google.common.cache.CacheLoader                                             : loaded 2 times (x 72B)
Class com.google.common.collect.ImmutableBiMapFauxverideShim                          : loaded 2 times (x 118B)
Class org.objectweb.asm.MethodTooLargeException                                       : loaded 2 times (x 81B)
Class com.google.common.cache.Cache                                                   : loaded 2 times (x 68B)
Class org.gradle.internal.classloader.SystemClassLoaderSpec                           : loaded 2 times (x 69B)
Class com.google.common.util.concurrent.internal.InternalFutureFailureAccess          : loaded 2 times (x 70B)
Class com.google.common.base.Charsets                                                 : loaded 2 times (x 69B)
Class com.google.common.primitives.Ints$IntConverter                                  : loaded 2 times (x 88B)
Class com.google.common.collect.SingletonImmutableSet                                 : loaded 2 times (x 144B)
Class [Lcom.google.common.base.AbstractIterator$State;                                : loaded 2 times (x 67B)
Class com.google.common.collect.ImmutableMap$Builder                                  : loaded 2 times (x 80B)
Class com.google.common.base.AbstractIterator                                         : loaded 2 times (x 78B)
Class org.objectweb.asm.ClassWriter                                                   : loaded 2 times (x 104B)
Class com.google.common.base.AbstractIterator$1                                       : loaded 2 times (x 69B)
Class [Lcom.google.common.cache.CacheBuilder$OneWeigher;                              : loaded 2 times (x 67B)
Class com.google.common.collect.Iterators                                             : loaded 2 times (x 69B)
Class com.google.common.base.CharMatcher$1                                            : loaded 2 times (x 111B)
Class com.google.common.base.CharMatcher$Ascii                                        : loaded 2 times (x 110B)
Class com.google.common.cache.LocalCache$ComputingValueReference                      : loaded 2 times (x 94B)
Class org.gradle.api.UncheckedIOException                                             : loaded 2 times (x 80B)
Class com.google.common.base.CharMatcher$And                                          : loaded 2 times (x 110B)
Class com.google.common.collect.IndexedImmutableSet                                   : loaded 2 times (x 148B)
Class com.google.common.collect.AbstractListMultimap                                  : loaded 2 times (x 170B)
Class com.google.common.base.CharMatcher$Any                                          : loaded 2 times (x 110B)
Class com.google.common.collect.RegularImmutableMap$Values                            : loaded 2 times (x 167B)
Class com.google.common.cache.LocalCache$Strength                                     : loaded 2 times (x 79B)
Class com.google.common.collect.AbstractMapBasedMultimap$KeySet                       : loaded 2 times (x 135B)
Class com.google.common.collect.ArrayListMultimapGwtSerializationDependencies         : loaded 2 times (x 170B)
Class com.google.common.base.CharMatcher$RangesMatcher                                : loaded 2 times (x 110B)
Class org.objectweb.asm.Handler                                                       : loaded 2 times (x 70B)
Class com.google.common.collect.ImmutableList$SubList                                 : loaded 2 times (x 168B)
Class com.google.common.cache.LocalCache$ValueReference                               : loaded 2 times (x 68B)
Class org.gradle.internal.classloader.ClasspathUtil                                   : loaded 2 times (x 69B)
Class org.objectweb.asm.CurrentFrame                                                  : loaded 2 times (x 71B)
Class com.google.common.util.concurrent.AbstractFuture                                : loaded 2 times (x 93B)
Class com.google.common.base.Splitter$1                                               : loaded 2 times (x 75B)
Class com.google.common.base.Ticker$1                                                 : loaded 2 times (x 70B)
Class com.google.common.collect.Maps$BiMapConverter                                   : loaded 2 times (x 88B)
Class org.gradle.api.internal.DefaultClassPathRegistry                                : loaded 2 times (x 74B)
Class com.google.common.util.concurrent.AbstractFuture$Cancellation                   : loaded 2 times (x 70B)
Class [Lorg.objectweb.asm.Symbol;                                                     : loaded 2 times (x 67B)
Class com.google.common.collect.ImmutableSet$SetBuilderImpl                           : loaded 2 times (x 74B)
Class org.gradle.api.internal.classpath.DefaultModuleRegistry$DefaultModule           : loaded 2 times (x 84B)
Class com.google.common.base.CharMatcher$JavaIsoControl                               : loaded 2 times (x 110B)
Class com.google.common.collect.ImmutableMap$1                                        : loaded 2 times (x 79B)
Class com.google.common.base.CharMatcher$Or                                           : loaded 2 times (x 110B)
Class org.gradle.kotlin.dsl.VersionCatalogAccessorsKt                                 : loaded 2 times (x 69B)
Class com.google.common.base.Suppliers$SupplierOfInstance                             : loaded 2 times (x 77B)
Class org.objectweb.asm.RecordComponentVisitor                                        : loaded 2 times (x 75B)
Class com.google.common.collect.Iterables                                             : loaded 2 times (x 69B)
Class com.google.common.base.CharMatcher$JavaLowerCase                                : loaded 2 times (x 109B)
Class org.objectweb.asm.ClassTooLargeException                                        : loaded 2 times (x 81B)
Class org.gradle.api.internal.classpath.UnknownModuleException                        : loaded 2 times (x 80B)
Class com.google.common.util.concurrent.AbstractFuture$Listener                       : loaded 2 times (x 70B)
Class org.objectweb.asm.Edge                                                          : loaded 2 times (x 70B)
Class com.google.common.collect.Maps$EntryTransformer                                 : loaded 2 times (x 68B)
Class com.google.common.collect.ImmutableCollection$Builder                           : loaded 2 times (x 74B)
Class [Lorg.objectweb.asm.SymbolTable$Entry;                                          : loaded 2 times (x 67B)
Class com.google.common.collect.SingletonImmutableBiMap                               : loaded 2 times (x 141B)
Class com.google.common.base.CommonPattern                                            : loaded 2 times (x 72B)
Class com.google.common.base.Suppliers                                                : loaded 2 times (x 69B)
Class org.objectweb.asm.ClassVisitor                                                  : loaded 2 times (x 86B)
Class com.google.common.cache.LoadingCache                                            : loaded 2 times (x 68B)
Class org.gradle.internal.service.ServiceLookupException                              : loaded 2 times (x 80B)
Class org.gradle.cache.GlobalCache                                                    : loaded 2 times (x 68B)
Class com.google.common.base.CharMatcher$NegatedFastMatcher                           : loaded 2 times (x 111B)
Class [Lorg.gradle.api.internal.ClassPathProvider;                                    : loaded 2 times (x 67B)
Class com.google.common.util.concurrent.AbstractFuture$SafeAtomicHelper               : loaded 2 times (x 77B)
Class org.gradle.util.internal.GUtil                                                  : loaded 2 times (x 69B)
Class com.google.common.math.IntMath                                                  : loaded 2 times (x 69B)
Class com.google.common.collect.AbstractIterator                                      : loaded 2 times (x 80B)
Class org.gradle.internal.classloader.ClassLoaderSpec                                 : loaded 2 times (x 69B)
Class com.google.common.base.NullnessCasts                                            : loaded 2 times (x 69B)
Class org.objectweb.asm.Frame                                                         : loaded 2 times (x 71B)
Class com.google.common.cache.LocalCache$LocalManualCache                             : loaded 2 times (x 97B)
Class com.google.common.collect.AbstractMapEntry                                      : loaded 2 times (x 79B)
Class com.google.common.collect.ImmutableList$Builder                                 : loaded 2 times (x 75B)
Class com.google.common.base.CharMatcher$Negated                                      : loaded 2 times (x 111B)
Class com.google.common.cache.CacheLoader$1                                           : loaded 2 times (x 73B)
Class com.google.common.util.concurrent.AbstractFuture$TrustedFuture                  : loaded 2 times (x 95B)
Class com.google.common.collect.Sets                                                  : loaded 2 times (x 69B)
Class com.google.common.collect.ImmutableSet$Builder                                  : loaded 2 times (x 83B)
Class com.google.common.base.CharMatcher$ForPredicate                                 : loaded 2 times (x 110B)
Class com.google.common.collect.ImmutableMap$MapViewOfValuesAsSingletonSets           : loaded 2 times (x 123B)
Class com.google.common.base.MoreObjects                                              : loaded 2 times (x 69B)
Class com.google.common.collect.SortedMapDifference                                   : loaded 2 times (x 68B)
Class org.objectweb.asm.SymbolTable                                                   : loaded 2 times (x 70B)
Class [Lorg.objectweb.asm.AnnotationVisitor;                                          : loaded 2 times (x 67B)
Class com.google.common.cache.CacheStats                                              : loaded 2 times (x 69B)
Class org.objectweb.asm.Attribute                                                     : loaded 2 times (x 75B)
Class org.gradle.internal.classloader.VisitableURLClassLoader                         : loaded 2 times (x 115B)
Class com.google.common.cache.LocalCache$LocalLoadingCache                            : loaded 2 times (x 132B)
Class com.google.common.base.Supplier                                                 : loaded 2 times (x 68B)
Class com.google.common.util.concurrent.AbstractFuture$AtomicHelper                   : loaded 2 times (x 76B)
Class com.google.common.collect.ImmutableBiMap                                        : loaded 2 times (x 141B)
Class org.gradle.internal.Cast                                                        : loaded 2 times (x 69B)
Class org.gradle.internal.installation.GradleInstallation                             : loaded 2 times (x 73B)
Class org.gradle.api.internal.ClassPathRegistry                                       : loaded 2 times (x 68B)
Class com.google.common.cache.LocalCache$EntryFactory                                 : loaded 2 times (x 81B)
Class com.google.common.util.concurrent.UncheckedExecutionException                   : loaded 2 times (x 80B)
Class com.google.common.collect.ImmutableSet                                          : loaded 2 times (x 143B)
Class org.gradle.internal.classloader.VisitableURLClassLoader$InstrumentingVisitableURLClassLoader: loaded 2 times (x 121B)
Class org.gradle.internal.classloader.ClassLoaderHierarchy                            : loaded 2 times (x 68B)
Class [Lorg.objectweb.asm.Type;                                                       : loaded 2 times (x 67B)
Class com.google.common.base.AbstractIterator$State                                   : loaded 2 times (x 77B)
Class com.google.common.cache.Weigher                                                 : loaded 2 times (x 68B)
Class com.google.common.base.CharMatcher$NamedFastMatcher                             : loaded 2 times (x 110B)
Class org.gradle.internal.InternalTransformer                                         : loaded 2 times (x 68B)
Class org.gradle.internal.service.ServiceLocator                                      : loaded 2 times (x 68B)
Class Settings_gradle$1                                                               : loaded 2 times (x 72B)
Class com.google.common.util.concurrent.SettableFuture                                : loaded 2 times (x 95B)
Class com.google.common.collect.ImmutableMapEntry                                     : loaded 2 times (x 83B)
Class com.google.common.base.CharMatcher$Invisible                                    : loaded 2 times (x 110B)
Class com.google.common.base.Joiner$1                                                 : loaded 2 times (x 78B)
Class com.google.common.base.Joiner$2                                                 : loaded 2 times (x 77B)
Class com.google.common.base.CharMatcher$FastMatcher                                  : loaded 2 times (x 109B)
Class org.gradle.internal.classpath.DefaultClassPath$ImmutableUniqueList              : loaded 2 times (x 159B)
Class com.google.common.base.CharMatcher$JavaLetter                                   : loaded 2 times (x 109B)
Class org.gradle.internal.classpath.TransformedClassPath                              : loaded 2 times (x 94B)
Class com.google.common.collect.MapDifference                                         : loaded 2 times (x 68B)
Class com.google.common.collect.Sets$1                                                : loaded 2 times (x 137B)
Class com.google.common.collect.Sets$2                                                : loaded 2 times (x 137B)
Class com.google.common.util.concurrent.AbstractFuture$Trusted                        : loaded 2 times (x 68B)
Class com.google.common.collect.Sets$3                                                : loaded 2 times (x 137B)
Class com.google.common.collect.Sets$4                                                : loaded 2 times (x 137B)
Class Settings_gradle                                                                 : loaded 2 times (x 126B)
Class org.objectweb.asm.MethodWriter                                                  : loaded 2 times (x 104B)
Class com.google.common.collect.Platform                                              : loaded 2 times (x 69B)
Class com.google.common.collect.ImmutableAsList                                       : loaded 2 times (x 169B)
Class com.google.common.util.concurrent.ExecutionError                                : loaded 2 times (x 80B)
Class com.google.common.base.Equivalence$Identity                                     : loaded 2 times (x 80B)
Class com.google.common.base.CharMatcher$AnyOf                                        : loaded 2 times (x 110B)
Class com.google.common.base.CharMatcher$IsEither                                     : loaded 2 times (x 109B)
Class com.google.common.cache.LocalCache                                              : loaded 2 times (x 185B)
Class com.google.common.collect.RegularImmutableList                                  : loaded 2 times (x 172B)
Class com.google.common.util.concurrent.AbstractFuture$UnsafeAtomicHelper$1           : loaded 2 times (x 74B)
Class com.google.common.base.CharMatcher$JavaUpperCase                                : loaded 2 times (x 109B)
Class com.google.common.collect.Multiset                                              : loaded 2 times (x 68B)
Class com.google.common.collect.ImmutableSet$CachingAsList                            : loaded 2 times (x 145B)
Class org.objectweb.asm.MethodVisitor                                                 : loaded 2 times (x 103B)
Class com.google.common.collect.AbstractMapBasedMultimap$KeySet$1                     : loaded 2 times (x 80B)
Class com.google.common.collect.ImmutableMapEntry$NonTerminalImmutableMapEntry        : loaded 2 times (x 83B)
Class com.google.common.collect.AbstractMapBasedMultimap                              : loaded 2 times (x 137B)


---------------  S Y S T E M  ---------------

OS:
 Windows 10 , 64 bit Build 19041 (10.0.19041.4597)
OS uptime: 0 days 6:22 hours

CPU: total 8 (initial active 8) (4 cores per cpu, 2 threads per core) family 6 model 94 stepping 3 microcode 0xcc, cx8, cmov, fxsr, ht, mmx, 3dnowpref, sse, sse2, sse3, ssse3, sse4.1, sse4.2, popcnt, lzcnt, tsc, tscinvbit, avx, avx2, aes, erms, clmul, bmi1, bmi2, rtm, adx, fma, vzeroupper, clflush, clflushopt
Processor Information for all 8 processors :
  Max Mhz: 2592, Current Mhz: 2592, Mhz Limit: 2592

Memory: 4k page, system-wide physical 10324M (530M free)
TotalPageFile size 10324M (AvailPageFile size 0M)
current process WorkingSet (physical memory assigned to process): 316M, peak: 318M
current process commit charge ("private bytes"): 353M, peak: 356M

vm_info: OpenJDK 64-Bit Server VM (17.0.11+0--11852314) for windows-amd64 JRE (17.0.11+0--11852314), built on May 16 2024 21:29:20 by "androidbuild" with MS VC++ 16.10 / 16.11 (VS2019)

END.
